Using pre-set license
Built from '2020.3/staging' branch; Version is '2020.3.26f1 (7298b473bc1a) revision 7510196'; Using compiler version '192528614'; Build Type 'Release'
OS: 'Windows 11  (10.0.22000) 64bit Professional' Language: 'en' Physical Memory: 16307 MB
BatchMode: 1, IsHumanControllingUs: 0, StartBugReporterOnCrash: 0, Is64bit: 1, IsPro: 0

COMMAND LINE ARGUMENTS:
F:\Unity\2020.3.26f1\Editor\Unity.exe
-adb2
-batchMode
-noUpm
-name
AssetImportWorker0
-projectPath
F:/Downloads/Year 3 game project/Game/Starting Room
-logFile
Logs/AssetImportWorker0.log
-srvPort
63460
Successfully changed project path to: F:/Downloads/Year 3 game project/Game/Starting Room
F:/Downloads/Year 3 game project/Game/Starting Room
Using Asset Import Pipeline V2.
Refreshing native plugins compatible for Editor in 42.34 ms, found 2 plugins.
Preloading 0 native plugins for Editor in 0.00 ms.
Initialize engine version: 2020.3.26f1 (7298b473bc1a)
[Subsystems] Discovering subsystems at path F:/Unity/2020.3.26f1/Editor/Data/Resources/UnitySubsystems
[Subsystems] Discovering subsystems at path F:/Downloads/Year 3 game project/Game/Starting Room/Assets
GfxDevice: creating device client; threaded=0
Direct3D:
    Version:  Direct3D 11.0 [level 11.1]
    Renderer: NVIDIA GeForce GTX 1070 (ID=0x1b81)
    Vendor:   
    VRAM:     8088 MB
    Driver:   30.0.15.1165
Initialize mono
Mono path[0] = 'F:/Unity/2020.3.26f1/Editor/Data/Managed'
Mono path[1] = 'F:/Unity/2020.3.26f1/Editor/Data/MonoBleedingEdge/lib/mono/unityjit'
Mono config path = 'F:/Unity/2020.3.26f1/Editor/Data/MonoBleedingEdge/etc'
Using monoOptions --debugger-agent=transport=dt_socket,embedding=1,server=y,suspend=n,address=127.0.0.1:56316
Begin MonoManager ReloadAssembly
Registering precompiled unity dll's ...
Register platform support module: F:/Unity/2020.3.26f1/Editor/Data/PlaybackEngines/WindowsStandaloneSupport/UnityEditor.WindowsStandalone.Extensions.dll
Registered in 0.000832 seconds.
Native extension for WindowsStandalone target not found
Refreshing native plugins compatible for Editor in 38.45 ms, found 2 plugins.
Preloading 0 native plugins for Editor in 0.00 ms.
Mono: successfully reloaded assembly
- Completed reload, in  0.458 seconds
Domain Reload Profiling:
	ReloadAssembly (458ms)
		BeginReloadAssembly (48ms)
			ExecutionOrderSort (0ms)
			DisableScriptedObjects (0ms)
			BackupInstance (0ms)
			ReleaseScriptingObjects (0ms)
			CreateAndSetChildDomain (1ms)
		EndReloadAssembly (355ms)
			LoadAssemblies (48ms)
			RebuildTransferFunctionScriptingTraits (0ms)
			SetupTypeCache (119ms)
			ReleaseScriptCaches (0ms)
			RebuildScriptCaches (24ms)
			SetupLoadedEditorAssemblies (138ms)
				LogAssemblyErrors (0ms)
				InitializePlatformSupportModulesInManaged (3ms)
				SetLoadedEditorAssemblies (0ms)
				RefreshPlugins (39ms)
				BeforeProcessingInitializeOnLoad (7ms)
				ProcessInitializeOnLoadAttributes (66ms)
				ProcessInitializeOnLoadMethodAttributes (22ms)
				AfterProcessingInitializeOnLoad (0ms)
				EditorAssembliesLoaded (0ms)
			ExecutionOrderSort2 (0ms)
			AwakeInstancesAfterBackupRestoration (0ms)
Platform modules already initialized, skipping
Registering precompiled user dll's ...
Registered in 0.002879 seconds.
Begin MonoManager ReloadAssembly
Native extension for WindowsStandalone target not found
Refreshing native plugins compatible for Editor in 0.46 ms, found 2 plugins.
Preloading 0 native plugins for Editor in 0.00 ms.
Mono: successfully reloaded assembly
- Completed reload, in  0.858 seconds
Domain Reload Profiling:
	ReloadAssembly (859ms)
		BeginReloadAssembly (121ms)
			ExecutionOrderSort (0ms)
			DisableScriptedObjects (4ms)
			BackupInstance (0ms)
			ReleaseScriptingObjects (0ms)
			CreateAndSetChildDomain (16ms)
		EndReloadAssembly (691ms)
			LoadAssemblies (77ms)
			RebuildTransferFunctionScriptingTraits (0ms)
			SetupTypeCache (232ms)
			ReleaseScriptCaches (0ms)
			RebuildScriptCaches (36ms)
			SetupLoadedEditorAssemblies (283ms)
				LogAssemblyErrors (0ms)
				InitializePlatformSupportModulesInManaged (3ms)
				SetLoadedEditorAssemblies (0ms)
				RefreshPlugins (0ms)
				BeforeProcessingInitializeOnLoad (46ms)
				ProcessInitializeOnLoadAttributes (223ms)
				ProcessInitializeOnLoadMethodAttributes (8ms)
				AfterProcessingInitializeOnLoad (2ms)
				EditorAssembliesLoaded (0ms)
			ExecutionOrderSort2 (0ms)
			AwakeInstancesAfterBackupRestoration (6ms)
Platform modules already initialized, skipping
========================================================================
Worker process is ready to serve import requests
Launched and connected shader compiler UnityShaderCompiler.exe after 0.03 seconds
Refreshing native plugins compatible for Editor in 0.46 ms, found 2 plugins.
Preloading 0 native plugins for Editor in 0.00 ms.
Unloading 1934 Unused Serialized files (Serialized files now loaded: 0)
System memory in use before: 86.1 MB.
System memory in use after: 86.4 MB.

Unloading 79 unused Assets to reduce memory usage. Loaded Objects now: 2361.
Total: 3.188700 ms (FindLiveObjects: 0.143800 ms CreateObjectMapping: 0.045800 ms MarkObjects: 2.857900 ms  DeleteObjects: 0.140100 ms)

AssetImportParameters requested are different than current active one (requested -> active):
  custom:framework-win-MediaFoundation: 216162199b28c13a410421893ffa2e32 -> 
  custom:video-decoder-ogg-theora: a1e56fd34408186e4bbccfd4996cb3dc -> 
  custom:container-muxer-webm: aa71ff27fc2769a1b78a27578f13a17b -> 
  custom:container-demuxer-webm: 4f35f7cbe854078d1ac9338744f61a02 -> 
  custom:container-demuxer-ogg: 62fdf1f143b41e24485cea50d1cbac27 -> 
  custom:video-encoder-webm-vp8: eb34c28f22e8b96e1ab97ce403110664 -> 
  custom:video-codec-MediaFoundation-h265: 746d11721c4dcdbdad8f713fa42b33f4 -> 
  custom:video-decoder-webm-vp8: 9c59270c3fd7afecdb556c50c9e8de78 -> 
  custom:audio-decoder-ogg-vorbis: bf7c407c2cedff20999df2af8eb42d56 -> 
  custom:audio-encoder-webm-vorbis: bf7c407c2cedff20999df2af8eb42d56 -> 
========================================================================
Received Import Request.
  path: Assets/AssetStoreOriginals/_SNAPS_PrototypingAssets/About/Icons/Help_Icon.png
  artifactKey: Guid(a186f8a87ca4f4d3aa864638ad5dfb65) Importer(815301076,1909f56bfc062723c751e8b465ee728b)
Start importing Assets/AssetStoreOriginals/_SNAPS_PrototypingAssets/About/Icons/Help_Icon.png using Guid(a186f8a87ca4f4d3aa864638ad5dfb65) Importer(815301076,1909f56bfc062723c751e8b465ee728b)  -> (artifact id: '439130989d2a7626a8f709829cae1bf7') in 0.076731 seconds 
  Import took 0.079249 seconds .

========================================================================
Received Import Request.
  Time since last request: 0.000171 seconds.
  path: Assets/AssetStoreOriginals/_SNAPS_PrototypingAssets/About/Icons
  artifactKey: Guid(d46c14ed326ae7344ab4f235f4eb0bf0) Importer(815301076,1909f56bfc062723c751e8b465ee728b)
Start importing Assets/AssetStoreOriginals/_SNAPS_PrototypingAssets/About/Icons using Guid(d46c14ed326ae7344ab4f235f4eb0bf0) Importer(815301076,1909f56bfc062723c751e8b465ee728b)  -> (artifact id: '550125813a1ca6281a60c55de2d4ed8f') in 0.005958 seconds 
  Import took 0.008198 seconds .

========================================================================
Received Import Request.
  Time since last request: 0.000171 seconds.
  path: Assets/AssetStoreOriginals/_SNAPS_PrototypingAssets/About/Icons/SnapsIcon.png
  artifactKey: Guid(f3b461aa3ce4e164e80610d900c9b22d) Importer(815301076,1909f56bfc062723c751e8b465ee728b)
Start importing Assets/AssetStoreOriginals/_SNAPS_PrototypingAssets/About/Icons/SnapsIcon.png using Guid(f3b461aa3ce4e164e80610d900c9b22d) Importer(815301076,1909f56bfc062723c751e8b465ee728b)  -> (artifact id: '6333cdeedf7fcd82f9b3ea5b9ea0a75b') in 0.012482 seconds 
  Import took 0.015058 seconds .

========================================================================
Received Import Request.
  Time since last request: 5.534683 seconds.
  path: Assets/01_AssetStore/DoorPackFree/Meshes/Video intercom/Materials/01 - Default.mat
  artifactKey: Guid(6b426b91c6f5d494988979aafd0dc889) Importer(815301076,1909f56bfc062723c751e8b465ee728b)
Start importing Assets/01_AssetStore/DoorPackFree/Meshes/Video intercom/Materials/01 - Default.mat using Guid(6b426b91c6f5d494988979aafd0dc889) Importer(815301076,1909f56bfc062723c751e8b465ee728b)  -> (artifact id: '86681df9d657b8359235a834381f6bfb') in 0.348510 seconds 
  Import took 0.351138 seconds .

========================================================================
Received Import Request.
  Time since last request: 0.000158 seconds.
  path: Assets/AssetStoreOriginals/_SNAPS_PrototypingAssets/SciFi_Industrial/Materials/Brown_snaps002.mat
  artifactKey: Guid(2c0bb951fb8a2e44a9fb35bc4af3d739) Importer(815301076,1909f56bfc062723c751e8b465ee728b)
Start importing Assets/AssetStoreOriginals/_SNAPS_PrototypingAssets/SciFi_Industrial/Materials/Brown_snaps002.mat using Guid(2c0bb951fb8a2e44a9fb35bc4af3d739) Importer(815301076,1909f56bfc062723c751e8b465ee728b)  -> (artifact id: '84295cdef3761b8e32b1ce93c7a906d4') in 0.011319 seconds 
  Import took 0.013643 seconds .

========================================================================
Received Import Request.
  Time since last request: 0.000145 seconds.
  path: Assets/AssetStoreOriginals/_SNAPS_PrototypingAssets/SciFi_Industrial/Materials/Khaki Darker.mat
  artifactKey: Guid(ca63e1d0575d9eb4ab8e24dac32b51d9) Importer(815301076,1909f56bfc062723c751e8b465ee728b)
Start importing Assets/AssetStoreOriginals/_SNAPS_PrototypingAssets/SciFi_Industrial/Materials/Khaki Darker.mat using Guid(ca63e1d0575d9eb4ab8e24dac32b51d9) Importer(815301076,1909f56bfc062723c751e8b465ee728b)  -> (artifact id: '38602e2c8faef5a22313e2e3dac58e41') in 0.011362 seconds 
  Import took 0.014032 seconds .

========================================================================
Received Import Request.
  Time since last request: 0.000143 seconds.
  path: Assets/AssetStoreOriginals/_SNAPS_PrototypingAssets/SciFi_Industrial/Materials/Orange_snaps002.mat
  artifactKey: Guid(1d2cbf17d90a3884f8f0c10cd230f809) Importer(815301076,1909f56bfc062723c751e8b465ee728b)
Start importing Assets/AssetStoreOriginals/_SNAPS_PrototypingAssets/SciFi_Industrial/Materials/Orange_snaps002.mat using Guid(1d2cbf17d90a3884f8f0c10cd230f809) Importer(815301076,1909f56bfc062723c751e8b465ee728b)  -> (artifact id: 'c34928ebd9dd857337204b2599159bcf') in 0.011496 seconds 
  Import took 0.014055 seconds .

========================================================================
Received Import Request.
  Time since last request: 0.000180 seconds.
  path: Assets/AssetStoreOriginals/_SNAPS_PrototypingAssets/SciFi_Industrial/Materials/Black Plastic_snaps002.mat
  artifactKey: Guid(7332bdaf1f2a0394ea703cbaf96db22e) Importer(815301076,1909f56bfc062723c751e8b465ee728b)
Start importing Assets/AssetStoreOriginals/_SNAPS_PrototypingAssets/SciFi_Industrial/Materials/Black Plastic_snaps002.mat using Guid(7332bdaf1f2a0394ea703cbaf96db22e) Importer(815301076,1909f56bfc062723c751e8b465ee728b)  -> (artifact id: '07e83ff7e49022cec5b76cea331e10a0') in 0.011433 seconds 
  Import took 0.014150 seconds .

========================================================================
Received Import Request.
  Time since last request: 0.000175 seconds.
  path: Assets/AssetStoreOriginals/_SNAPS_PrototypingAssets/SciFi_Industrial/Materials/Khaki Dark.mat
  artifactKey: Guid(651d0db5a5db31a4e8ea67cb0bb4bdca) Importer(815301076,1909f56bfc062723c751e8b465ee728b)
Start importing Assets/AssetStoreOriginals/_SNAPS_PrototypingAssets/SciFi_Industrial/Materials/Khaki Dark.mat using Guid(651d0db5a5db31a4e8ea67cb0bb4bdca) Importer(815301076,1909f56bfc062723c751e8b465ee728b)  -> (artifact id: '74d8559932e4d0fc8a2276c8e7af0003') in 0.010714 seconds 
  Import took 0.013532 seconds .

========================================================================
Received Import Request.
  Time since last request: 0.000175 seconds.
  path: Assets/AssetStoreOriginals/_SNAPS_PrototypingAssets/SciFi_Industrial/Materials/Machine Orange Dark_snaps002.mat
  artifactKey: Guid(79bf7ae28ff43cc4ca939f5652f4d38b) Importer(815301076,1909f56bfc062723c751e8b465ee728b)
Start importing Assets/AssetStoreOriginals/_SNAPS_PrototypingAssets/SciFi_Industrial/Materials/Machine Orange Dark_snaps002.mat using Guid(79bf7ae28ff43cc4ca939f5652f4d38b) Importer(815301076,1909f56bfc062723c751e8b465ee728b)  -> (artifact id: '8c3f96ed1da6af0ec3a3d3b097994d2f') in 0.010361 seconds 
  Import took 0.013071 seconds .

========================================================================
Received Import Request.
  Time since last request: 0.000143 seconds.
  path: Assets/01_AssetStore/DoorPackFree/Scenes/WhitePlaster.mat
  artifactKey: Guid(595cdeea06e831848902476806feaede) Importer(815301076,1909f56bfc062723c751e8b465ee728b)
Start importing Assets/01_AssetStore/DoorPackFree/Scenes/WhitePlaster.mat using Guid(595cdeea06e831848902476806feaede) Importer(815301076,1909f56bfc062723c751e8b465ee728b)  -> (artifact id: '4a856a706a702d89002858a8079d63fa') in 0.011118 seconds 
  Import took 0.013915 seconds .

========================================================================
Received Import Request.
  Time since last request: 0.000150 seconds.
  path: Packages/com.unity.probuilder/Content/Material/Checker.mat
  artifactKey: Guid(4717b199010ca4cb3a8a7a465ec457d2) Importer(815301076,1909f56bfc062723c751e8b465ee728b)
Start importing Packages/com.unity.probuilder/Content/Material/Checker.mat using Guid(4717b199010ca4cb3a8a7a465ec457d2) Importer(815301076,1909f56bfc062723c751e8b465ee728b)  -> (artifact id: '1e9cc05b182fa831cd6c3345592eb77b') in 0.088782 seconds 
  Import took 0.091269 seconds .

========================================================================
Received Import Request.
  Time since last request: 0.000132 seconds.
  path: Assets/AssetStoreOriginals/_SNAPS_PrototypingAssets/SciFi_Industrial/Materials/Black_snaps002.mat
  artifactKey: Guid(8440f7c46cde87942a79d9125f40ae89) Importer(815301076,1909f56bfc062723c751e8b465ee728b)
Start importing Assets/AssetStoreOriginals/_SNAPS_PrototypingAssets/SciFi_Industrial/Materials/Black_snaps002.mat using Guid(8440f7c46cde87942a79d9125f40ae89) Importer(815301076,1909f56bfc062723c751e8b465ee728b)  -> (artifact id: '410c836b4ea5353ab09eb5213a450c21') in 0.011395 seconds 
  Import took 0.013939 seconds .

========================================================================
Received Import Request.
  Time since last request: 0.000147 seconds.
  path: Assets/AssetStoreOriginals/_SNAPS_PrototypingAssets/SciFi_Industrial/Materials/LightBlue_snaps002.mat
  artifactKey: Guid(4b600b0043b600a42a640a24ab4dea01) Importer(815301076,1909f56bfc062723c751e8b465ee728b)
Start importing Assets/AssetStoreOriginals/_SNAPS_PrototypingAssets/SciFi_Industrial/Materials/LightBlue_snaps002.mat using Guid(4b600b0043b600a42a640a24ab4dea01) Importer(815301076,1909f56bfc062723c751e8b465ee728b)  -> (artifact id: '02dbd9f121c21b3be1b2c04a2d96710b') in 0.010966 seconds 
  Import took 0.013553 seconds .

========================================================================
Received Import Request.
  Time since last request: 0.000142 seconds.
  path: Assets/AssetStoreOriginals/_SNAPS_PrototypingAssets/SciFi_Industrial/Materials/Red_snaps002.mat
  artifactKey: Guid(015a5e2de7cf2514eb887cb8b34877d8) Importer(815301076,1909f56bfc062723c751e8b465ee728b)
Start importing Assets/AssetStoreOriginals/_SNAPS_PrototypingAssets/SciFi_Industrial/Materials/Red_snaps002.mat using Guid(015a5e2de7cf2514eb887cb8b34877d8) Importer(815301076,1909f56bfc062723c751e8b465ee728b)  -> (artifact id: '6d3012a2bf522ec49fdc91363b2c0037') in 0.010422 seconds 
  Import took 0.012788 seconds .

========================================================================
Received Import Request.
  Time since last request: 0.000141 seconds.
  path: Assets/AssetStoreOriginals/_SNAPS_PrototypingAssets/SciFi_Industrial/Materials/GreenBlack_snaps002.mat
  artifactKey: Guid(38f55b85103d762478d8298d58d90704) Importer(815301076,1909f56bfc062723c751e8b465ee728b)
Start importing Assets/AssetStoreOriginals/_SNAPS_PrototypingAssets/SciFi_Industrial/Materials/GreenBlack_snaps002.mat using Guid(38f55b85103d762478d8298d58d90704) Importer(815301076,1909f56bfc062723c751e8b465ee728b)  -> (artifact id: '3f783acc222064a91e1e219c112e9a4e') in 0.010401 seconds 
  Import took 0.012766 seconds .

========================================================================
Received Import Request.
  Time since last request: 0.000119 seconds.
  path: Assets/AssetStoreOriginals/_SNAPS_PrototypingAssets/SciFi_Industrial/Materials/Machine Orange Light_snaps002.mat
  artifactKey: Guid(dfe499413b9e65e409dcfaa1013609fb) Importer(815301076,1909f56bfc062723c751e8b465ee728b)
Start importing Assets/AssetStoreOriginals/_SNAPS_PrototypingAssets/SciFi_Industrial/Materials/Machine Orange Light_snaps002.mat using Guid(dfe499413b9e65e409dcfaa1013609fb) Importer(815301076,1909f56bfc062723c751e8b465ee728b)  -> (artifact id: '5bced4835a6721edc17ed0dd1913ac5a') in 0.010603 seconds 
  Import took 0.012987 seconds .

========================================================================
Received Import Request.
  Time since last request: 0.000177 seconds.
  path: Assets/01_AssetStore/DoorPackFree/Scenes/Floor.mat
  artifactKey: Guid(bca819c7880d78245b09885ed9230437) Importer(815301076,1909f56bfc062723c751e8b465ee728b)
Start importing Assets/01_AssetStore/DoorPackFree/Scenes/Floor.mat using Guid(bca819c7880d78245b09885ed9230437) Importer(815301076,1909f56bfc062723c751e8b465ee728b)  -> (artifact id: '577b7960e6b91a6d70323ae984a18b2f') in 0.026148 seconds 
  Import took 0.028861 seconds .

========================================================================
Received Import Request.
  Time since last request: 0.000131 seconds.
  path: Packages/com.unity.probuilder/Content/Resources/Materials/FacePickerHDRP.mat
  artifactKey: Guid(a53ef0dd76f2fe74eb5f43267d7c0195) Importer(815301076,1909f56bfc062723c751e8b465ee728b)
Start importing Packages/com.unity.probuilder/Content/Resources/Materials/FacePickerHDRP.mat using Guid(a53ef0dd76f2fe74eb5f43267d7c0195) Importer(815301076,1909f56bfc062723c751e8b465ee728b)  -> (artifact id: '2b3a98f947b9445050f05ee155da7b12') in 0.010667 seconds 
  Import took 0.012990 seconds .

========================================================================
Received Import Request.
  Time since last request: 0.000158 seconds.
  path: Packages/com.unity.probuilder/Content/Resources/Materials/UnlitVertexColor.mat
  artifactKey: Guid(29966c3c0907b49b58c4e59342d020cf) Importer(815301076,1909f56bfc062723c751e8b465ee728b)
Start importing Packages/com.unity.probuilder/Content/Resources/Materials/UnlitVertexColor.mat using Guid(29966c3c0907b49b58c4e59342d020cf) Importer(815301076,1909f56bfc062723c751e8b465ee728b)  -> (artifact id: 'bb5debeb4a73f8b98f8fe5c2ffbdf46e') in 0.011091 seconds 
  Import took 0.013858 seconds .

========================================================================
Received Import Request.
  Time since last request: 0.000146 seconds.
  path: Assets/01_AssetStore/DoorPackFree/Meshes/Door001/Materials/13 - Default.mat
  artifactKey: Guid(069767290c6de4df0bac7aa0bfda749f) Importer(815301076,1909f56bfc062723c751e8b465ee728b)
Start importing Assets/01_AssetStore/DoorPackFree/Meshes/Door001/Materials/13 - Default.mat using Guid(069767290c6de4df0bac7aa0bfda749f) Importer(815301076,1909f56bfc062723c751e8b465ee728b)  -> (artifact id: '8247706735ee33264512f15a9f4c22b8') in 0.010662 seconds 
  Import took 0.013091 seconds .

========================================================================
Received Import Request.
  Time since last request: 0.000125 seconds.
  path: Assets/ModularFirstPersonController/DemoScene/Gridbox Prototype Materials/Resources/Materials/Prototype Grid/Prototype_512x512_Grey2.mat
  artifactKey: Guid(07dc66ae04b7f6a43b9674bf0fefb33a) Importer(815301076,1909f56bfc062723c751e8b465ee728b)
Start importing Assets/ModularFirstPersonController/DemoScene/Gridbox Prototype Materials/Resources/Materials/Prototype Grid/Prototype_512x512_Grey2.mat using Guid(07dc66ae04b7f6a43b9674bf0fefb33a) Importer(815301076,1909f56bfc062723c751e8b465ee728b)  -> (artifact id: '485ae91053ee35c748de25d25721633f') in 0.181933 seconds 
  Import took 0.184342 seconds .

========================================================================
Received Import Request.
  Time since last request: 0.000153 seconds.
  path: Assets/AssetStoreOriginals/_SNAPS_PrototypingAssets/SciFi_Industrial/Materials/Yellow_snaps002.mat
  artifactKey: Guid(2e89229997eb0fd4fb0ceb1c61a61593) Importer(815301076,1909f56bfc062723c751e8b465ee728b)
Start importing Assets/AssetStoreOriginals/_SNAPS_PrototypingAssets/SciFi_Industrial/Materials/Yellow_snaps002.mat using Guid(2e89229997eb0fd4fb0ceb1c61a61593) Importer(815301076,1909f56bfc062723c751e8b465ee728b)  -> (artifact id: '0b5edb58e3e904766c28f4966db503b9') in 0.011426 seconds 
  Import took 0.013915 seconds .

========================================================================
Received Import Request.
  Time since last request: 0.000136 seconds.
  path: Assets/Samples/ProBuilder/5.0.3/Universal Render Pipeline Support/Material/ProBuilder Default URP.mat
  artifactKey: Guid(25a9fb42d361f46ad89221f6d301e96e) Importer(815301076,1909f56bfc062723c751e8b465ee728b)
Start importing Assets/Samples/ProBuilder/5.0.3/Universal Render Pipeline Support/Material/ProBuilder Default URP.mat using Guid(25a9fb42d361f46ad89221f6d301e96e) Importer(815301076,1909f56bfc062723c751e8b465ee728b)  -> (artifact id: 'e0fb8a7303724e4a182a311845cc7448') in 0.010288 seconds 
  Import took 0.012896 seconds .

========================================================================
Received Import Request.
  Time since last request: 0.000113 seconds.
  path: Assets/ModularFirstPersonController/DemoScene/Gridbox Prototype Materials/Resources/Materials/Prototype Grid/Prototype_512x512_Blue2.mat
  artifactKey: Guid(5e148de6cdf2d164aa3e3f90ce8c852c) Importer(815301076,1909f56bfc062723c751e8b465ee728b)
Start importing Assets/ModularFirstPersonController/DemoScene/Gridbox Prototype Materials/Resources/Materials/Prototype Grid/Prototype_512x512_Blue2.mat using Guid(5e148de6cdf2d164aa3e3f90ce8c852c) Importer(815301076,1909f56bfc062723c751e8b465ee728b)  -> (artifact id: '8d1385ad24035b7611cc7f98fe80f059') in 0.012179 seconds 
  Import took 0.014710 seconds .

========================================================================
Received Import Request.
  Time since last request: 0.000147 seconds.
  path: Packages/com.unity.probuilder/Content/Resources/Materials/VertexPickerHDRP.mat
  artifactKey: Guid(7d5c9fc287a2aa945a98203d41282923) Importer(815301076,1909f56bfc062723c751e8b465ee728b)
Start importing Packages/com.unity.probuilder/Content/Resources/Materials/VertexPickerHDRP.mat using Guid(7d5c9fc287a2aa945a98203d41282923) Importer(815301076,1909f56bfc062723c751e8b465ee728b)  -> (artifact id: 'cb42c4803d323621ff198c7114ce5bc8') in 0.009949 seconds 
  Import took 0.012589 seconds .

========================================================================
Received Import Request.
  Time since last request: 0.000134 seconds.
  path: Assets/AssetStoreOriginals/_SNAPS_PrototypingAssets/SciFi_Industrial/Materials/White_snaps002.mat
  artifactKey: Guid(4a11ac89ec3635a4b896556552983d54) Importer(815301076,1909f56bfc062723c751e8b465ee728b)
Start importing Assets/AssetStoreOriginals/_SNAPS_PrototypingAssets/SciFi_Industrial/Materials/White_snaps002.mat using Guid(4a11ac89ec3635a4b896556552983d54) Importer(815301076,1909f56bfc062723c751e8b465ee728b)  -> (artifact id: '3dc7aeb825717d39e5d8bc0f53ac7203') in 0.010403 seconds 
  Import took 0.012751 seconds .

========================================================================
Received Import Request.
  Time since last request: 0.000119 seconds.
  path: Assets/AssetStoreOriginals/_SNAPS_PrototypingAssets/SciFi_Industrial/Materials/DarkCyan_snaps002.mat
  artifactKey: Guid(9b6f00edc7822ab47b645603f7b615b6) Importer(815301076,1909f56bfc062723c751e8b465ee728b)
Start importing Assets/AssetStoreOriginals/_SNAPS_PrototypingAssets/SciFi_Industrial/Materials/DarkCyan_snaps002.mat using Guid(9b6f00edc7822ab47b645603f7b615b6) Importer(815301076,1909f56bfc062723c751e8b465ee728b)  -> (artifact id: '008d91bac96b4f0ea7745f3694eb4ecb') in 0.010950 seconds 
  Import took 0.013310 seconds .

========================================================================
Received Import Request.
  Time since last request: 0.000165 seconds.
  path: Assets/AssetStoreOriginals/_SNAPS_PrototypingAssets/SciFi_Industrial/Materials/Blue_snaps002.mat
  artifactKey: Guid(04076a8ba5c805c409251912da22b641) Importer(815301076,1909f56bfc062723c751e8b465ee728b)
Start importing Assets/AssetStoreOriginals/_SNAPS_PrototypingAssets/SciFi_Industrial/Materials/Blue_snaps002.mat using Guid(04076a8ba5c805c409251912da22b641) Importer(815301076,1909f56bfc062723c751e8b465ee728b)  -> (artifact id: 'f3d4027fd41101b8420765ecab1fa29a') in 0.011517 seconds 
  Import took 0.014169 seconds .

========================================================================
Received Import Request.
  Time since last request: 0.000156 seconds.
  path: Assets/ModularFirstPersonController/DemoScene/Gridbox Prototype Materials/Resources/Materials/Prototype Grid/Prototype_512x512_Red.mat
  artifactKey: Guid(5a26de236ce89e94b963be8fa2b7ade6) Importer(815301076,1909f56bfc062723c751e8b465ee728b)
Start importing Assets/ModularFirstPersonController/DemoScene/Gridbox Prototype Materials/Resources/Materials/Prototype Grid/Prototype_512x512_Red.mat using Guid(5a26de236ce89e94b963be8fa2b7ade6) Importer(815301076,1909f56bfc062723c751e8b465ee728b)  -> (artifact id: 'f0d22387ce11606f1470ded99fd46292') in 0.011540 seconds 
  Import took 0.014325 seconds .

========================================================================
Received Import Request.
  Time since last request: 0.000150 seconds.
  path: Assets/AssetStoreOriginals/_SNAPS_PrototypingAssets/SciFi_Industrial/Materials/Machine Blue Light_snaps002.mat
  artifactKey: Guid(c91ea5393f73a814888ae7c250232e43) Importer(815301076,1909f56bfc062723c751e8b465ee728b)
Start importing Assets/AssetStoreOriginals/_SNAPS_PrototypingAssets/SciFi_Industrial/Materials/Machine Blue Light_snaps002.mat using Guid(c91ea5393f73a814888ae7c250232e43) Importer(815301076,1909f56bfc062723c751e8b465ee728b)  -> (artifact id: '32bbddcccb54d52cfeac2b19673f3a94') in 0.010670 seconds 
  Import took 0.013269 seconds .

========================================================================
Received Import Request.
  Time since last request: 0.000152 seconds.
  path: Assets/AssetStoreOriginals/_SNAPS_PrototypingAssets/SciFi_Industrial/Materials/Machine Green Dark_snaps002.mat
  artifactKey: Guid(51e077d1f836fd5459499a9de2bf4c0a) Importer(815301076,1909f56bfc062723c751e8b465ee728b)
Start importing Assets/AssetStoreOriginals/_SNAPS_PrototypingAssets/SciFi_Industrial/Materials/Machine Green Dark_snaps002.mat using Guid(51e077d1f836fd5459499a9de2bf4c0a) Importer(815301076,1909f56bfc062723c751e8b465ee728b)  -> (artifact id: '0337bf8a24754947170922ef2668b64a') in 0.010907 seconds 
  Import took 0.013600 seconds .

========================================================================
Received Import Request.
  Time since last request: 0.000149 seconds.
  path: Assets/AssetStoreOriginals/_SNAPS_PrototypingAssets/SciFi_Industrial/Materials/Gray_snaps002.mat
  artifactKey: Guid(8621dfcb3dbf229428e45425021e0875) Importer(815301076,1909f56bfc062723c751e8b465ee728b)
Start importing Assets/AssetStoreOriginals/_SNAPS_PrototypingAssets/SciFi_Industrial/Materials/Gray_snaps002.mat using Guid(8621dfcb3dbf229428e45425021e0875) Importer(815301076,1909f56bfc062723c751e8b465ee728b)  -> (artifact id: '9e241e43c6fee853ca76d37ad0c68a44') in 0.010708 seconds 
  Import took 0.013141 seconds .

========================================================================
Received Import Request.
  Time since last request: 0.000132 seconds.
  path: Packages/com.unity.progrids/Font/Asap-Medium-ProGrids.otf
  artifactKey: Guid(8c2220bd5fd560c4297e93c4c66a2ba8) Importer(815301076,1909f56bfc062723c751e8b465ee728b)
Start importing Packages/com.unity.progrids/Font/Asap-Medium-ProGrids.otf using Guid(8c2220bd5fd560c4297e93c4c66a2ba8) Importer(815301076,1909f56bfc062723c751e8b465ee728b)  -> (artifact id: '2de11280cf9a24e66c51882d334b82cd') in 0.039806 seconds 
  Import took 0.042433 seconds .

========================================================================
Received Import Request.
  Time since last request: 0.000137 seconds.
  path: Assets/01_AssetStore/DoorPackFree/Meshes/Door001/Materials/V6.mat
  artifactKey: Guid(0b7dd8513656d9c4fa0cbe919fb9fa8d) Importer(815301076,1909f56bfc062723c751e8b465ee728b)
Start importing Assets/01_AssetStore/DoorPackFree/Meshes/Door001/Materials/V6.mat using Guid(0b7dd8513656d9c4fa0cbe919fb9fa8d) Importer(815301076,1909f56bfc062723c751e8b465ee728b)  -> (artifact id: 'c3411a59fb1543b3193366faca824b77') in 0.203481 seconds 
  Import took 0.206416 seconds .

========================================================================
Received Import Request.
  Time since last request: 0.000172 seconds.
  path: Assets/01_AssetStore/DoorPackFree/Meshes/Door001/Materials/V4.mat
  artifactKey: Guid(c2d8aea817ff67d4292424d139872f20) Importer(815301076,1909f56bfc062723c751e8b465ee728b)
Start importing Assets/01_AssetStore/DoorPackFree/Meshes/Door001/Materials/V4.mat using Guid(c2d8aea817ff67d4292424d139872f20) Importer(815301076,1909f56bfc062723c751e8b465ee728b)  -> (artifact id: '832b81d8313fb6af7627b086b62a79ba') in 0.018872 seconds 
  Import took 0.021672 seconds .

========================================================================
Received Import Request.
  Time since last request: 0.000148 seconds.
  path: Assets/AssetStoreOriginals/_SNAPS_PrototypingAssets/SciFi_Industrial/Materials/DarkBlue_snaps002.mat
  artifactKey: Guid(c2cf96f9bc9ef0143bfb62bd0e47e566) Importer(815301076,1909f56bfc062723c751e8b465ee728b)
Start importing Assets/AssetStoreOriginals/_SNAPS_PrototypingAssets/SciFi_Industrial/Materials/DarkBlue_snaps002.mat using Guid(c2cf96f9bc9ef0143bfb62bd0e47e566) Importer(815301076,1909f56bfc062723c751e8b465ee728b)  -> (artifact id: 'e97d5413d1c37216fb503b5e526a956f') in 0.010485 seconds 
  Import took 0.012845 seconds .

========================================================================
Received Import Request.
  Time since last request: 0.000134 seconds.
  path: Assets/AssetStoreOriginals/_SNAPS_PrototypingAssets/SciFi_Industrial/Materials/DarkGray_snaps002.mat
  artifactKey: Guid(15cb6b096bb78c7479c93c6e26153387) Importer(815301076,1909f56bfc062723c751e8b465ee728b)
Start importing Assets/AssetStoreOriginals/_SNAPS_PrototypingAssets/SciFi_Industrial/Materials/DarkGray_snaps002.mat using Guid(15cb6b096bb78c7479c93c6e26153387) Importer(815301076,1909f56bfc062723c751e8b465ee728b)  -> (artifact id: '462e633f6ea868cf7c2056054ca4c331') in 0.010650 seconds 
  Import took 0.013074 seconds .

========================================================================
Received Import Request.
  Time since last request: 0.000133 seconds.
  path: Assets/01_AssetStore/DoorPackFree/Meshes/Video intercom/Materials/V2.mat
  artifactKey: Guid(20c3ebf242586e74cb5d2e2deb379c31) Importer(815301076,1909f56bfc062723c751e8b465ee728b)
Start importing Assets/01_AssetStore/DoorPackFree/Meshes/Video intercom/Materials/V2.mat using Guid(20c3ebf242586e74cb5d2e2deb379c31) Importer(815301076,1909f56bfc062723c751e8b465ee728b)  -> (artifact id: '4a26e240c128b8de70ef35416bf8c366') in 0.017753 seconds 
  Import took 0.020605 seconds .

========================================================================
Received Import Request.
  Time since last request: 0.000133 seconds.
  path: Assets/AssetStoreOriginals/_SNAPS_PrototypingAssets/SciFi_Industrial/Materials/BrownDark_snaps002.mat
  artifactKey: Guid(019b68caeea34ac4bb7e667c4f32c5df) Importer(815301076,1909f56bfc062723c751e8b465ee728b)
Start importing Assets/AssetStoreOriginals/_SNAPS_PrototypingAssets/SciFi_Industrial/Materials/BrownDark_snaps002.mat using Guid(019b68caeea34ac4bb7e667c4f32c5df) Importer(815301076,1909f56bfc062723c751e8b465ee728b)  -> (artifact id: '292cf4ba72d091ef3613bf7669bf29b9') in 0.010362 seconds 
  Import took 0.012761 seconds .

========================================================================
Received Import Request.
  Time since last request: 0.000169 seconds.
  path: Assets/01_AssetStore/DoorPackFree/Meshes/Door001/Materials/V3.mat
  artifactKey: Guid(1c826cebdd68dc546b6889791583ec7e) Importer(815301076,1909f56bfc062723c751e8b465ee728b)
Start importing Assets/01_AssetStore/DoorPackFree/Meshes/Door001/Materials/V3.mat using Guid(1c826cebdd68dc546b6889791583ec7e) Importer(815301076,1909f56bfc062723c751e8b465ee728b)  -> (artifact id: 'a32ef21de98a7d876845cac403794a29') in 0.018165 seconds 
  Import took 0.021213 seconds .

========================================================================
Received Import Request.
  Time since last request: 0.000176 seconds.
  path: Packages/com.unity.probuilder/Content/Resources/Materials/InvisibleFace.mat
  artifactKey: Guid(978bbcf5050244f1b95128c04103f628) Importer(815301076,1909f56bfc062723c751e8b465ee728b)
Start importing Packages/com.unity.probuilder/Content/Resources/Materials/InvisibleFace.mat using Guid(978bbcf5050244f1b95128c04103f628) Importer(815301076,1909f56bfc062723c751e8b465ee728b)  -> (artifact id: '6d1d76733010469944841b9ed426a584') in 0.010635 seconds 
  Import took 0.013392 seconds .

========================================================================
Received Import Request.
  Time since last request: 0.000137 seconds.
  path: Assets/ModularFirstPersonController/DemoScene/Gridbox Prototype Materials/Resources/Materials/Prototype Grid/Prototype_512x512_Grey1.mat
  artifactKey: Guid(c181c23a6120fbe4aadd5bb53a58dd78) Importer(815301076,1909f56bfc062723c751e8b465ee728b)
Start importing Assets/ModularFirstPersonController/DemoScene/Gridbox Prototype Materials/Resources/Materials/Prototype Grid/Prototype_512x512_Grey1.mat using Guid(c181c23a6120fbe4aadd5bb53a58dd78) Importer(815301076,1909f56bfc062723c751e8b465ee728b)  -> (artifact id: '93647c22c6d0d873a5108166411ad807') in 0.010363 seconds 
  Import took 0.012765 seconds .

========================================================================
Received Import Request.
  Time since last request: 0.000153 seconds.
  path: Packages/com.unity.probuilder/Content/Resources/Materials/StandardVertexColorHDRP.mat
  artifactKey: Guid(c35693c079f3840f7938a4a323096e84) Importer(815301076,1909f56bfc062723c751e8b465ee728b)
Start importing Packages/com.unity.probuilder/Content/Resources/Materials/StandardVertexColorHDRP.mat using Guid(c35693c079f3840f7938a4a323096e84) Importer(815301076,1909f56bfc062723c751e8b465ee728b)  -> (artifact id: '4898ecb15b18d657cff0ef6fc0ccc918') in 0.010057 seconds 
  Import took 0.012761 seconds .

========================================================================
Received Import Request.
  Time since last request: 0.000144 seconds.
  path: Assets/ModularFirstPersonController/DemoScene/Gridbox Prototype Materials/Resources/Materials/Prototype Grid/Prototype_512x512_Brown.mat
  artifactKey: Guid(a54b7ad866d3a9b47bbf3b53baa0acc4) Importer(815301076,1909f56bfc062723c751e8b465ee728b)
Start importing Assets/ModularFirstPersonController/DemoScene/Gridbox Prototype Materials/Resources/Materials/Prototype Grid/Prototype_512x512_Brown.mat using Guid(a54b7ad866d3a9b47bbf3b53baa0acc4) Importer(815301076,1909f56bfc062723c751e8b465ee728b)  -> (artifact id: 'eefac53bf538dd2290e362294ad8a4fa') in 0.010671 seconds 
  Import took 0.013074 seconds .

========================================================================
Received Import Request.
  Time since last request: 0.000156 seconds.
  path: Assets/AssetStoreOriginals/_SNAPS_PrototypingAssets/SciFi_Industrial/Materials/Machine Green Light_snaps002.mat
  artifactKey: Guid(3f95858cfa41c214495626e4e810179e) Importer(815301076,1909f56bfc062723c751e8b465ee728b)
Start importing Assets/AssetStoreOriginals/_SNAPS_PrototypingAssets/SciFi_Industrial/Materials/Machine Green Light_snaps002.mat using Guid(3f95858cfa41c214495626e4e810179e) Importer(815301076,1909f56bfc062723c751e8b465ee728b)  -> (artifact id: 'e5accbf67bda8d6c9ca300644baf4546') in 0.010843 seconds 
  Import took 0.013705 seconds .

========================================================================
Received Import Request.
  Time since last request: 0.000151 seconds.
  path: Assets/AssetStoreOriginals/_SNAPS_PrototypingAssets/SciFi_Industrial/Materials/GreenDark_snaps002.mat
  artifactKey: Guid(6f5b522968a198d40a19799562c3eae2) Importer(815301076,1909f56bfc062723c751e8b465ee728b)
Start importing Assets/AssetStoreOriginals/_SNAPS_PrototypingAssets/SciFi_Industrial/Materials/GreenDark_snaps002.mat using Guid(6f5b522968a198d40a19799562c3eae2) Importer(815301076,1909f56bfc062723c751e8b465ee728b)  -> (artifact id: '95fca9dbb4a2e80a65e7aec1b9172c40') in 0.012660 seconds 
  Import took 0.015361 seconds .

========================================================================
Received Import Request.
  Time since last request: 0.000144 seconds.
  path: Packages/com.unity.probuilder/Content/Resources/Materials/Trigger.mat
  artifactKey: Guid(a1e97cbf2538241b691aae8243b5fb10) Importer(815301076,1909f56bfc062723c751e8b465ee728b)
Start importing Packages/com.unity.probuilder/Content/Resources/Materials/Trigger.mat using Guid(a1e97cbf2538241b691aae8243b5fb10) Importer(815301076,1909f56bfc062723c751e8b465ee728b)  -> (artifact id: 'a864cbe837a8ae0be4bbed7b0fb49c8c') in 0.029253 seconds 
  Import took 0.031731 seconds .

========================================================================
Received Import Request.
  Time since last request: 0.000129 seconds.
  path: Assets/01_AssetStore/DoorPackFree/Meshes/Door001/Materials/V7.mat
  artifactKey: Guid(29e53d3235d8ede4aa7ba3bfd40de7f6) Importer(815301076,1909f56bfc062723c751e8b465ee728b)
Start importing Assets/01_AssetStore/DoorPackFree/Meshes/Door001/Materials/V7.mat using Guid(29e53d3235d8ede4aa7ba3bfd40de7f6) Importer(815301076,1909f56bfc062723c751e8b465ee728b)  -> (artifact id: '001c891c3d4ffa318fe7e0ef97d189a5') in 0.018331 seconds 
  Import took 0.021181 seconds .

========================================================================
Received Import Request.
  Time since last request: 0.000206 seconds.
  path: Assets/01_AssetStore/DoorPackFree/Meshes/Door001/Materials/V2.mat
  artifactKey: Guid(8bf0befb68296734682237e45c19dba2) Importer(815301076,1909f56bfc062723c751e8b465ee728b)
Start importing Assets/01_AssetStore/DoorPackFree/Meshes/Door001/Materials/V2.mat using Guid(8bf0befb68296734682237e45c19dba2) Importer(815301076,1909f56bfc062723c751e8b465ee728b)  -> (artifact id: '9f679442237434974006786d80f2de54') in 0.162533 seconds 
  Import took 0.165241 seconds .

========================================================================
Received Import Request.
  Time since last request: 0.000163 seconds.
  path: Packages/com.unity.probuilder/Content/Resources/Materials/ProBuilderDefault.mat
  artifactKey: Guid(c22777d6e868e4f2fb421913386b154e) Importer(815301076,1909f56bfc062723c751e8b465ee728b)
Start importing Packages/com.unity.probuilder/Content/Resources/Materials/ProBuilderDefault.mat using Guid(c22777d6e868e4f2fb421913386b154e) Importer(815301076,1909f56bfc062723c751e8b465ee728b)  -> (artifact id: '68dd98fd11319920ff295739c34f63f1') in 0.154877 seconds 
  Import took 0.157354 seconds .

========================================================================
Received Import Request.
  Time since last request: 0.000172 seconds.
  path: Assets/01_AssetStore/DoorPackFree/Meshes/Door001/Materials/V5.mat
  artifactKey: Guid(ff33776f394eae0438185b88600e3a2c) Importer(815301076,1909f56bfc062723c751e8b465ee728b)
Start importing Assets/01_AssetStore/DoorPackFree/Meshes/Door001/Materials/V5.mat using Guid(ff33776f394eae0438185b88600e3a2c) Importer(815301076,1909f56bfc062723c751e8b465ee728b)  -> (artifact id: 'a9c261efa12e2999144437197eb15a11') in 0.017914 seconds 
  Import took 0.020871 seconds .

========================================================================
Received Import Request.
  Time since last request: 0.000142 seconds.
  path: Packages/com.unity.probuilder/Content/Resources/Materials/EdgePickerHDRP.mat
  artifactKey: Guid(980c24c5a501a9a429356d191ad356a9) Importer(815301076,1909f56bfc062723c751e8b465ee728b)
Start importing Packages/com.unity.probuilder/Content/Resources/Materials/EdgePickerHDRP.mat using Guid(980c24c5a501a9a429356d191ad356a9) Importer(815301076,1909f56bfc062723c751e8b465ee728b)  -> (artifact id: '0c175e8bfe75860b542cac7b9bba7728') in 0.010905 seconds 
  Import took 0.013691 seconds .

========================================================================
Received Import Request.
  Time since last request: 0.000159 seconds.
  path: Packages/com.unity.probuilder/Content/Resources/Materials/EdgePicker.mat
  artifactKey: Guid(4ff996e3a0a5743a3987ab6231160665) Importer(815301076,1909f56bfc062723c751e8b465ee728b)
Start importing Packages/com.unity.probuilder/Content/Resources/Materials/EdgePicker.mat using Guid(4ff996e3a0a5743a3987ab6231160665) Importer(815301076,1909f56bfc062723c751e8b465ee728b)  -> (artifact id: 'dd28d434726e9e97d045a08030b0203f') in 0.011221 seconds 
  Import took 0.013717 seconds .

========================================================================
Received Import Request.
  Time since last request: 0.000144 seconds.
  path: Assets/AssetStoreOriginals/_SNAPS_PrototypingAssets/SciFi_Industrial/Materials/BlueWindow_snaps002.mat
  artifactKey: Guid(50e8d87218c9f9649975e35ca3232d32) Importer(815301076,1909f56bfc062723c751e8b465ee728b)
Start importing Assets/AssetStoreOriginals/_SNAPS_PrototypingAssets/SciFi_Industrial/Materials/BlueWindow_snaps002.mat using Guid(50e8d87218c9f9649975e35ca3232d32) Importer(815301076,1909f56bfc062723c751e8b465ee728b)  -> (artifact id: '1dae0957f534015ea5fc424333fdfa4e') in 0.010581 seconds 
  Import took 0.013000 seconds .

========================================================================
Received Import Request.
  Time since last request: 0.000150 seconds.
  path: Packages/com.unity.probuilder/Content/Resources/Materials/Collider.mat
  artifactKey: Guid(bbb235fff4f48426b863b36058ab66d2) Importer(815301076,1909f56bfc062723c751e8b465ee728b)
Start importing Packages/com.unity.probuilder/Content/Resources/Materials/Collider.mat using Guid(bbb235fff4f48426b863b36058ab66d2) Importer(815301076,1909f56bfc062723c751e8b465ee728b)  -> (artifact id: '44a42be3d3ff4523c0a6370be823cc43') in 0.011067 seconds 
  Import took 0.013475 seconds .

========================================================================
Received Import Request.
  Time since last request: 0.000167 seconds.
  path: Packages/com.unity.probuilder/Content/Resources/Materials/NoDraw.mat
  artifactKey: Guid(8cb4d6fee77fd4ee6895f08b240d625f) Importer(815301076,1909f56bfc062723c751e8b465ee728b)
Start importing Packages/com.unity.probuilder/Content/Resources/Materials/NoDraw.mat using Guid(8cb4d6fee77fd4ee6895f08b240d625f) Importer(815301076,1909f56bfc062723c751e8b465ee728b)  -> (artifact id: '535e3ab3f50e3318f2107a16560a9599') in 0.027263 seconds 
  Import took 0.029729 seconds .

========================================================================
Received Import Request.
  Time since last request: 0.000179 seconds.
  path: Assets/AssetStoreOriginals/_SNAPS_PrototypingAssets/SciFi_Industrial/Materials/Green_snaps002.mat
  artifactKey: Guid(cff86b3f8014a6e4babecc006d77e004) Importer(815301076,1909f56bfc062723c751e8b465ee728b)
Start importing Assets/AssetStoreOriginals/_SNAPS_PrototypingAssets/SciFi_Industrial/Materials/Green_snaps002.mat using Guid(cff86b3f8014a6e4babecc006d77e004) Importer(815301076,1909f56bfc062723c751e8b465ee728b)  -> (artifact id: 'ce1eb9c146d0c80b49a6916848406cde') in 0.010715 seconds 
  Import took 0.013208 seconds .

========================================================================
Received Import Request.
  Time since last request: 0.000125 seconds.
  path: Assets/ModularFirstPersonController/DemoScene/Gridbox Prototype Materials/Resources/Materials/Prototype Grid/Prototype_512x512_White.mat
  artifactKey: Guid(aeee7071bea0a4c478b4fea5933c5f79) Importer(815301076,1909f56bfc062723c751e8b465ee728b)
Start importing Assets/ModularFirstPersonController/DemoScene/Gridbox Prototype Materials/Resources/Materials/Prototype Grid/Prototype_512x512_White.mat using Guid(aeee7071bea0a4c478b4fea5933c5f79) Importer(815301076,1909f56bfc062723c751e8b465ee728b)  -> (artifact id: 'd7e27c8fc1ec12a709b392a010626ca9') in 0.011549 seconds 
  Import took 0.013926 seconds .

========================================================================
Received Import Request.
  Time since last request: 0.000148 seconds.
  path: Assets/ModularFirstPersonController/DemoScene/Gridbox Prototype Materials/Resources/Materials/Prototype Grid/Prototype_512x512_Grey3.mat
  artifactKey: Guid(17c44fb3e5be9644586a0728a5f5a386) Importer(815301076,1909f56bfc062723c751e8b465ee728b)
Start importing Assets/ModularFirstPersonController/DemoScene/Gridbox Prototype Materials/Resources/Materials/Prototype Grid/Prototype_512x512_Grey3.mat using Guid(17c44fb3e5be9644586a0728a5f5a386) Importer(815301076,1909f56bfc062723c751e8b465ee728b)  -> (artifact id: 'b17c491392966fa7fdee3bfbad7678c1') in 0.011109 seconds 
  Import took 0.013543 seconds .

========================================================================
Received Import Request.
  Time since last request: 0.000185 seconds.
  path: Assets/AssetStoreOriginals/_SNAPS_PrototypingAssets/SciFi_Industrial/Materials/Machine Blue Dark_snaps002.mat
  artifactKey: Guid(779370d176aafca40a59fafa5ba422d3) Importer(815301076,1909f56bfc062723c751e8b465ee728b)
Start importing Assets/AssetStoreOriginals/_SNAPS_PrototypingAssets/SciFi_Industrial/Materials/Machine Blue Dark_snaps002.mat using Guid(779370d176aafca40a59fafa5ba422d3) Importer(815301076,1909f56bfc062723c751e8b465ee728b)  -> (artifact id: 'c07a7541adcc1534848bf7faf2dd33aa') in 0.011296 seconds 
  Import took 0.013784 seconds .

========================================================================
Received Import Request.
  Time since last request: 0.000130 seconds.
  path: Assets/AssetStoreOriginals/_SNAPS_PrototypingAssets/SciFi_Industrial/Materials/Khaki_snaps002.mat
  artifactKey: Guid(4f6a32ae4320c1d489759d620e71be9b) Importer(815301076,1909f56bfc062723c751e8b465ee728b)
Start importing Assets/AssetStoreOriginals/_SNAPS_PrototypingAssets/SciFi_Industrial/Materials/Khaki_snaps002.mat using Guid(4f6a32ae4320c1d489759d620e71be9b) Importer(815301076,1909f56bfc062723c751e8b465ee728b)  -> (artifact id: '179356315a40d0e4494f25ebf66d6fa2') in 0.010188 seconds 
  Import took 0.012562 seconds .

========================================================================
Received Import Request.
  Time since last request: 0.000140 seconds.
  path: Assets/01_AssetStore/DoorPackFree/Scenes/Light.mat
  artifactKey: Guid(7bb4d41d8be498b418e107b9fcd42bd3) Importer(815301076,1909f56bfc062723c751e8b465ee728b)
Start importing Assets/01_AssetStore/DoorPackFree/Scenes/Light.mat using Guid(7bb4d41d8be498b418e107b9fcd42bd3) Importer(815301076,1909f56bfc062723c751e8b465ee728b)  -> (artifact id: '97f620dcd251166c47cc3e29e3e064e4') in 0.010271 seconds 
  Import took 0.012743 seconds .

========================================================================
Received Import Request.
  Time since last request: 0.000150 seconds.
  path: Assets/AssetStoreOriginals/_SNAPS_PrototypingAssets/SciFi_Industrial/Materials/Black Metal_snaps002.mat
  artifactKey: Guid(528bab4d959abd8438a427ca2334205f) Importer(815301076,1909f56bfc062723c751e8b465ee728b)
Start importing Assets/AssetStoreOriginals/_SNAPS_PrototypingAssets/SciFi_Industrial/Materials/Black Metal_snaps002.mat using Guid(528bab4d959abd8438a427ca2334205f) Importer(815301076,1909f56bfc062723c751e8b465ee728b)  -> (artifact id: '6f92e83d46e92eeaf2d02d6c9793226f') in 0.010661 seconds 
  Import took 0.013110 seconds .

========================================================================
Received Import Request.
  Time since last request: 0.000137 seconds.
  path: Assets/ModularFirstPersonController/DemoScene/Gridbox Prototype Materials/Resources/Materials/Prototype Grid/Prototype_512x512_Orange.mat
  artifactKey: Guid(652107f36a28e44479c0b827dee5852a) Importer(815301076,1909f56bfc062723c751e8b465ee728b)
Start importing Assets/ModularFirstPersonController/DemoScene/Gridbox Prototype Materials/Resources/Materials/Prototype Grid/Prototype_512x512_Orange.mat using Guid(652107f36a28e44479c0b827dee5852a) Importer(815301076,1909f56bfc062723c751e8b465ee728b)  -> (artifact id: 'bf3faa288462a100f3edb52abb53d3ab') in 0.010577 seconds 
  Import took 0.013268 seconds .

========================================================================
Received Import Request.
  Time since last request: 0.000131 seconds.
  path: Assets/ModularFirstPersonController/DemoScene/Gridbox Prototype Materials/Resources/Materials/Prototype Grid/Prototype_512x512_Cyan.mat
  artifactKey: Guid(cba66c276aed0874091de1c33eb3950d) Importer(815301076,1909f56bfc062723c751e8b465ee728b)
Start importing Assets/ModularFirstPersonController/DemoScene/Gridbox Prototype Materials/Resources/Materials/Prototype Grid/Prototype_512x512_Cyan.mat using Guid(cba66c276aed0874091de1c33eb3950d) Importer(815301076,1909f56bfc062723c751e8b465ee728b)  -> (artifact id: '491e4cb52560c2560dd96efe425aaf78') in 0.011349 seconds 
  Import took 0.013759 seconds .

========================================================================
Received Import Request.
  Time since last request: 0.000129 seconds.
  path: Packages/com.unity.progrids/Font/Asap-Regular-ProGrids.otf
  artifactKey: Guid(79008363f1983ec4088c4588c6f0a7aa) Importer(815301076,1909f56bfc062723c751e8b465ee728b)
Start importing Packages/com.unity.progrids/Font/Asap-Regular-ProGrids.otf using Guid(79008363f1983ec4088c4588c6f0a7aa) Importer(815301076,1909f56bfc062723c751e8b465ee728b)  -> (artifact id: '5e4743bf22453b7d23f0ea384d0b07cc') in 0.011146 seconds 
  Import took 0.013506 seconds .

========================================================================
Received Import Request.
  Time since last request: 0.000141 seconds.
  path: Assets/ModularFirstPersonController/DemoScene/Gridbox Prototype Materials/Resources/Materials/Prototype Grid/Prototype_512x512_Green2.mat
  artifactKey: Guid(dbe80190c9adea34c8c8845ca4a17934) Importer(815301076,1909f56bfc062723c751e8b465ee728b)
Start importing Assets/ModularFirstPersonController/DemoScene/Gridbox Prototype Materials/Resources/Materials/Prototype Grid/Prototype_512x512_Green2.mat using Guid(dbe80190c9adea34c8c8845ca4a17934) Importer(815301076,1909f56bfc062723c751e8b465ee728b)  -> (artifact id: '83a378d146364e4f11503f7a1c66e945') in 0.010331 seconds 
  Import took 0.012710 seconds .

========================================================================
Received Import Request.
  Time since last request: 0.000111 seconds.
  path: Assets/01_AssetStore/DoorPackFree/Meshes/Video intercom/Materials/V1.mat
  artifactKey: Guid(7497d8d1425a79244bbf755d9b328dd6) Importer(815301076,1909f56bfc062723c751e8b465ee728b)
Start importing Assets/01_AssetStore/DoorPackFree/Meshes/Video intercom/Materials/V1.mat using Guid(7497d8d1425a79244bbf755d9b328dd6) Importer(815301076,1909f56bfc062723c751e8b465ee728b)  -> (artifact id: '2e7bf5ce36df465ed30841da0eed63b9') in 0.017186 seconds 
  Import took 0.019894 seconds .

========================================================================
Received Import Request.
  Time since last request: 0.000167 seconds.
  path: Assets/AssetStoreOriginals/_SNAPS_PrototypingAssets/SciFi_Industrial/Materials/LightGray_snaps002.mat
  artifactKey: Guid(ae2efeea9c901af48b6bb19d9981d5d2) Importer(815301076,1909f56bfc062723c751e8b465ee728b)
Start importing Assets/AssetStoreOriginals/_SNAPS_PrototypingAssets/SciFi_Industrial/Materials/LightGray_snaps002.mat using Guid(ae2efeea9c901af48b6bb19d9981d5d2) Importer(815301076,1909f56bfc062723c751e8b465ee728b)  -> (artifact id: '6e3678fd59592f9746be498d66ab5074') in 0.010029 seconds 
  Import took 0.012498 seconds .

========================================================================
Received Import Request.
  Time since last request: 0.000147 seconds.
  path: Assets/AssetStoreOriginals/_SNAPS_PrototypingAssets/SciFi_Industrial/Materials/MachineOrange_snaps002.mat
  artifactKey: Guid(80507923a3333a6498095c8c364d7983) Importer(815301076,1909f56bfc062723c751e8b465ee728b)
Start importing Assets/AssetStoreOriginals/_SNAPS_PrototypingAssets/SciFi_Industrial/Materials/MachineOrange_snaps002.mat using Guid(80507923a3333a6498095c8c364d7983) Importer(815301076,1909f56bfc062723c751e8b465ee728b)  -> (artifact id: '520b0a35ae2376b796ad967a4581fd9f') in 0.010469 seconds 
  Import took 0.012811 seconds .

========================================================================
Received Import Request.
  Time since last request: 0.000123 seconds.
  path: Assets/AssetStoreOriginals/_SNAPS_PrototypingAssets/SciFi_Industrial/Materials/DeepBlue_snaps002.mat
  artifactKey: Guid(0311cbb0184a51845912c30ec478cb8e) Importer(815301076,1909f56bfc062723c751e8b465ee728b)
Start importing Assets/AssetStoreOriginals/_SNAPS_PrototypingAssets/SciFi_Industrial/Materials/DeepBlue_snaps002.mat using Guid(0311cbb0184a51845912c30ec478cb8e) Importer(815301076,1909f56bfc062723c751e8b465ee728b)  -> (artifact id: '16334e736fda5ff39ddf38ec915c881a') in 0.009729 seconds 
  Import took 0.012044 seconds .

========================================================================
Received Import Request.
  Time since last request: 0.000102 seconds.
  path: Assets/ModularFirstPersonController/DemoScene/Gridbox Prototype Materials/Resources/Materials/Prototype Grid/Prototype_512x512_Blue1.mat
  artifactKey: Guid(663834164c6a04740aaa1b778249ce7e) Importer(815301076,1909f56bfc062723c751e8b465ee728b)
Start importing Assets/ModularFirstPersonController/DemoScene/Gridbox Prototype Materials/Resources/Materials/Prototype Grid/Prototype_512x512_Blue1.mat using Guid(663834164c6a04740aaa1b778249ce7e) Importer(815301076,1909f56bfc062723c751e8b465ee728b)  -> (artifact id: '82dd5060775031cb8eed0d28b84fbfb5') in 0.011173 seconds 
  Import took 0.013532 seconds .

========================================================================
Received Import Request.
  Time since last request: 0.000126 seconds.
  path: Packages/com.unity.probuilder/Content/Resources/Materials/FacePicker.mat
  artifactKey: Guid(5695904020f064fdab5ad265b274a616) Importer(815301076,1909f56bfc062723c751e8b465ee728b)
Start importing Packages/com.unity.probuilder/Content/Resources/Materials/FacePicker.mat using Guid(5695904020f064fdab5ad265b274a616) Importer(815301076,1909f56bfc062723c751e8b465ee728b)  -> (artifact id: '2f70878b45adf3d082628ad7d5ad9c24') in 0.010094 seconds 
  Import took 0.012399 seconds .

========================================================================
Received Import Request.
  Time since last request: 0.000131 seconds.
  path: Packages/com.unity.probuilder/Content/Resources/Materials/VertexPicker.mat
  artifactKey: Guid(30a8575e1d4cc4e01a88ffbf4f973d80) Importer(815301076,1909f56bfc062723c751e8b465ee728b)
Start importing Packages/com.unity.probuilder/Content/Resources/Materials/VertexPicker.mat using Guid(30a8575e1d4cc4e01a88ffbf4f973d80) Importer(815301076,1909f56bfc062723c751e8b465ee728b)  -> (artifact id: '74419ede2ecdcd5f9eacb169ebf104f5') in 0.009622 seconds 
  Import took 0.011901 seconds .

========================================================================
Received Import Request.
  Time since last request: 0.000103 seconds.
  path: Assets/01_AssetStore/DoorPackFree/Meshes/Door001/Materials/V1.mat
  artifactKey: Guid(6ab145d3c4567994b8cdd5490fcde60f) Importer(815301076,1909f56bfc062723c751e8b465ee728b)
Start importing Assets/01_AssetStore/DoorPackFree/Meshes/Door001/Materials/V1.mat using Guid(6ab145d3c4567994b8cdd5490fcde60f) Importer(815301076,1909f56bfc062723c751e8b465ee728b)  -> (artifact id: '30bd203fa0a8363d2ec61f6fc962dafd') in 0.014868 seconds 
  Import took 0.017270 seconds .

========================================================================
Received Import Request.
  Time since last request: 0.000129 seconds.
  path: Assets/AssetStoreOriginals/_SNAPS_PrototypingAssets/SciFi_Industrial/Materials/Khaki Damp.mat
  artifactKey: Guid(4afc0ffccab963644a4b0b22117f129e) Importer(815301076,1909f56bfc062723c751e8b465ee728b)
Start importing Assets/AssetStoreOriginals/_SNAPS_PrototypingAssets/SciFi_Industrial/Materials/Khaki Damp.mat using Guid(4afc0ffccab963644a4b0b22117f129e) Importer(815301076,1909f56bfc062723c751e8b465ee728b)  -> (artifact id: '800996bfbd962d64f1575b9cd46d64fd') in 0.010831 seconds 
  Import took 0.013184 seconds .

========================================================================
Received Import Request.
  Time since last request: 0.000145 seconds.
  path: Assets/AssetStoreOriginals/_SNAPS_PrototypingAssets/SciFi_Industrial/Materials/DarkerGray_snaps002.mat
  artifactKey: Guid(3d2110dabe6f73043ba4404830e26f36) Importer(815301076,1909f56bfc062723c751e8b465ee728b)
Start importing Assets/AssetStoreOriginals/_SNAPS_PrototypingAssets/SciFi_Industrial/Materials/DarkerGray_snaps002.mat using Guid(3d2110dabe6f73043ba4404830e26f36) Importer(815301076,1909f56bfc062723c751e8b465ee728b)  -> (artifact id: 'e0fe8245030a47c96494cf68bc50fe06') in 0.009899 seconds 
  Import took 0.012206 seconds .

========================================================================
Received Import Request.
  Time since last request: 0.000134 seconds.
  path: Assets/01_AssetStore/DoorPackFree/Scenes/Materials/FloorAO.mat
  artifactKey: Guid(c6b0873402abd46afb322eb9a9df09d7) Importer(815301076,1909f56bfc062723c751e8b465ee728b)
Start importing Assets/01_AssetStore/DoorPackFree/Scenes/Materials/FloorAO.mat using Guid(c6b0873402abd46afb322eb9a9df09d7) Importer(815301076,1909f56bfc062723c751e8b465ee728b)  -> (artifact id: '63b35bbacc91e37c571211c9e93a0858') in 0.011290 seconds 
  Import took 0.013648 seconds .

========================================================================
Received Import Request.
  Time since last request: 0.000123 seconds.
  path: Assets/AssetStoreOriginals/_SNAPS_PrototypingAssets/SciFi_Industrial/Materials/Machine Green_snaps002.mat
  artifactKey: Guid(86c38cc17be868947801ac9b80453963) Importer(815301076,1909f56bfc062723c751e8b465ee728b)
Start importing Assets/AssetStoreOriginals/_SNAPS_PrototypingAssets/SciFi_Industrial/Materials/Machine Green_snaps002.mat using Guid(86c38cc17be868947801ac9b80453963) Importer(815301076,1909f56bfc062723c751e8b465ee728b)  -> (artifact id: '759b638791f24bec83105051f3230fcb') in 0.010910 seconds 
  Import took 0.013228 seconds .

========================================================================
Received Import Request.
  Time since last request: 0.000162 seconds.
  path: Assets/AssetStoreOriginals/_SNAPS_PrototypingAssets/SciFi_Industrial/Materials/Machine Blue_snaps002.mat
  artifactKey: Guid(abbba6a8ef5ae9f4b864662d522758b1) Importer(815301076,1909f56bfc062723c751e8b465ee728b)
Start importing Assets/AssetStoreOriginals/_SNAPS_PrototypingAssets/SciFi_Industrial/Materials/Machine Blue_snaps002.mat using Guid(abbba6a8ef5ae9f4b864662d522758b1) Importer(815301076,1909f56bfc062723c751e8b465ee728b)  -> (artifact id: '5809ad7b22a3ad81a598413b36c81fec') in 0.010076 seconds 
  Import took 0.012599 seconds .

========================================================================
Received Import Request.
  Time since last request: 0.000144 seconds.
  path: Packages/com.unity.probuilder/Content/Resources/Materials/StandardVertexColorLWRP.mat
  artifactKey: Guid(077a003b1de1e4c35923be7a21b5d948) Importer(815301076,1909f56bfc062723c751e8b465ee728b)
Start importing Packages/com.unity.probuilder/Content/Resources/Materials/StandardVertexColorLWRP.mat using Guid(077a003b1de1e4c35923be7a21b5d948) Importer(815301076,1909f56bfc062723c751e8b465ee728b)  -> (artifact id: '7dd53f1a95c970b3c37f59e4c6214781') in 0.009780 seconds 
  Import took 0.012140 seconds .

========================================================================
Received Import Request.
  Time since last request: 0.000137 seconds.
  path: Assets/ModularFirstPersonController/DemoScene/Gridbox Prototype Materials/Resources/Materials/Prototype Grid/Prototype_512x512_Grey4.mat
  artifactKey: Guid(8d530ffe6c4968843806085897955b9d) Importer(815301076,1909f56bfc062723c751e8b465ee728b)
Start importing Assets/ModularFirstPersonController/DemoScene/Gridbox Prototype Materials/Resources/Materials/Prototype Grid/Prototype_512x512_Grey4.mat using Guid(8d530ffe6c4968843806085897955b9d) Importer(815301076,1909f56bfc062723c751e8b465ee728b)  -> (artifact id: '4e994d8981507eb803a8e1adadd5e6c4') in 0.011029 seconds 
  Import took 0.013394 seconds .

========================================================================
Received Import Request.
  Time since last request: 0.000141 seconds.
  path: Assets/ModularFirstPersonController/DemoScene/Gridbox Prototype Materials/Resources/Materials/Prototype Grid/Prototype_512x512_Green1.mat
  artifactKey: Guid(79f64ed6f5d6d374d91c3a0af4070258) Importer(815301076,1909f56bfc062723c751e8b465ee728b)
Start importing Assets/ModularFirstPersonController/DemoScene/Gridbox Prototype Materials/Resources/Materials/Prototype Grid/Prototype_512x512_Green1.mat using Guid(79f64ed6f5d6d374d91c3a0af4070258) Importer(815301076,1909f56bfc062723c751e8b465ee728b)  -> (artifact id: 'd4fa80a65b344784584d473a71d3aba4') in 0.010700 seconds 
  Import took 0.013164 seconds .

========================================================================
Received Import Request.
  Time since last request: 0.000151 seconds.
  path: Assets/ModularFirstPersonController/DemoScene/Gridbox Prototype Materials/Resources/Materials/Prototype Grid/Prototype_512x512_Blue3.mat
  artifactKey: Guid(b0b4de3bd6e976e4f8b3adc6e72377ed) Importer(815301076,1909f56bfc062723c751e8b465ee728b)
Start importing Assets/ModularFirstPersonController/DemoScene/Gridbox Prototype Materials/Resources/Materials/Prototype Grid/Prototype_512x512_Blue3.mat using Guid(b0b4de3bd6e976e4f8b3adc6e72377ed) Importer(815301076,1909f56bfc062723c751e8b465ee728b)  -> (artifact id: '67bc21ce786fc0e02957b69598dac5c7') in 0.011639 seconds 
  Import took 0.014507 seconds .

========================================================================
Received Import Request.
  Time since last request: 0.000208 seconds.
  path: Assets/01_AssetStore/DoorPackFree/Scenes/Materials/Floor.mat
  artifactKey: Guid(e85ea10cf3e404d06b6740a32b2bc7ca) Importer(815301076,1909f56bfc062723c751e8b465ee728b)
Start importing Assets/01_AssetStore/DoorPackFree/Scenes/Materials/Floor.mat using Guid(e85ea10cf3e404d06b6740a32b2bc7ca) Importer(815301076,1909f56bfc062723c751e8b465ee728b)  -> (artifact id: '892fd6a8f9bebae1ff911ae8eebdc8cb') in 0.098241 seconds 
  Import took 0.101314 seconds .

========================================================================
Received Import Request.
  Time since last request: 0.000146 seconds.
  path: Assets/ModularFirstPersonController/DemoScene/Gridbox Prototype Materials/Resources/Materials/Prototype Grid/Prototype_512x512_Purple.mat
  artifactKey: Guid(36bce9ab6cae8ce43962938466458044) Importer(815301076,1909f56bfc062723c751e8b465ee728b)
Start importing Assets/ModularFirstPersonController/DemoScene/Gridbox Prototype Materials/Resources/Materials/Prototype Grid/Prototype_512x512_Purple.mat using Guid(36bce9ab6cae8ce43962938466458044) Importer(815301076,1909f56bfc062723c751e8b465ee728b)  -> (artifact id: '8289726c38a029c5b7bed90d8e95529d') in 0.010985 seconds 
  Import took 0.013384 seconds .

========================================================================
Received Import Request.
  Time since last request: 0.000139 seconds.
  path: Assets/ModularFirstPersonController/DemoScene/Gridbox Prototype Materials/Resources/Materials/Prototype Grid/Prototype_512x512_Yellow.mat
  artifactKey: Guid(c852af001dae0064e9acaa832f1dadb7) Importer(815301076,1909f56bfc062723c751e8b465ee728b)
Start importing Assets/ModularFirstPersonController/DemoScene/Gridbox Prototype Materials/Resources/Materials/Prototype Grid/Prototype_512x512_Yellow.mat using Guid(c852af001dae0064e9acaa832f1dadb7) Importer(815301076,1909f56bfc062723c751e8b465ee728b)  -> (artifact id: '57b88ed6c7bce16627af1b116e496e08') in 0.011202 seconds 
  Import took 0.013984 seconds .

========================================================================
Received Import Request.
  Time since last request: 0.000160 seconds.
  path: Assets/AssetStoreOriginals/_SNAPS_PrototypingAssets/SciFi_Industrial/Materials/Gold_snaps002.mat
  artifactKey: Guid(f6acf520cc3bc374dbffd256f175bd4d) Importer(815301076,1909f56bfc062723c751e8b465ee728b)
Start importing Assets/AssetStoreOriginals/_SNAPS_PrototypingAssets/SciFi_Industrial/Materials/Gold_snaps002.mat using Guid(f6acf520cc3bc374dbffd256f175bd4d) Importer(815301076,1909f56bfc062723c751e8b465ee728b)  -> (artifact id: '889382363157a97fe34d7374f6fc56f8') in 0.009978 seconds 
  Import took 0.012321 seconds .

========================================================================
Received Import Request.
  Time since last request: 0.000152 seconds.
  path: Assets/AssetStoreOriginals/_SNAPS_PrototypingAssets/SciFi_Industrial/Materials/BrownLight_snaps002.mat
  artifactKey: Guid(9dd3f5b3049028f4e948921f3bf87f79) Importer(815301076,1909f56bfc062723c751e8b465ee728b)
Start importing Assets/AssetStoreOriginals/_SNAPS_PrototypingAssets/SciFi_Industrial/Materials/BrownLight_snaps002.mat using Guid(9dd3f5b3049028f4e948921f3bf87f79) Importer(815301076,1909f56bfc062723c751e8b465ee728b)  -> (artifact id: 'f8cfb8fd033940806848f101b85e6bcb') in 0.010119 seconds 
  Import took 0.012456 seconds .

AssetImportWorkerClient::OnTransportError - code=2 error=End of file
