Using pre-set license
Built from '2020.3/staging' branch; Version is '2020.3.26f1 (7298b473bc1a) revision 7510196'; Using compiler version '192528614'; Build Type 'Release'
OS: 'Windows 10  (10.0.19043) 64bit Core' Language: 'zh' Physical Memory: 16326 MB
BatchMode: 1, IsHumanControllingUs: 0, StartBugReporterOnCrash: 0, Is64bit: 1, IsPro: 0

COMMAND LINE ARGUMENTS:
F:\unity\2020.3.26f1\Editor\Unity.exe
-adb2
-batchMode
-noUpm
-name
AssetImportWorker0
-projectPath
E:/unityproject/My project
-logFile
Logs/AssetImportWorker0.log
-srvPort
8608
Successfully changed project path to: E:/unityproject/My project
E:/unityproject/My project
Using Asset Import Pipeline V2.
Refreshing native plugins compatible for Editor in 715.32 ms, found 2 plugins.
Preloading 0 native plugins for Editor in 0.00 ms.
Initialize engine version: 2020.3.26f1 (7298b473bc1a)
[Subsystems] Discovering subsystems at path F:/unity/2020.3.26f1/Editor/Data/Resources/UnitySubsystems
[Subsystems] Discovering subsystems at path E:/unityproject/My project/Assets
GfxDevice: creating device client; threaded=0
Direct3D:
    Version:  Direct3D 11.0 [level 11.1]
    Renderer: NVIDIA GeForce GTX 1660 Ti (ID=0x2182)
    Vendor:   
    VRAM:     5991 MB
    Driver:   30.0.15.1215
Initialize mono
Mono path[0] = 'F:/unity/2020.3.26f1/Editor/Data/Managed'
Mono path[1] = 'F:/unity/2020.3.26f1/Editor/Data/MonoBleedingEdge/lib/mono/unityjit'
Mono config path = 'F:/unity/2020.3.26f1/Editor/Data/MonoBleedingEdge/etc'
Using monoOptions --debugger-agent=transport=dt_socket,embedding=1,server=y,suspend=n,address=127.0.0.1:56604
Begin MonoManager ReloadAssembly
Registering precompiled unity dll's ...
Register platform support module: F:/unity/2020.3.26f1/Editor/Data/PlaybackEngines/WindowsStandaloneSupport/UnityEditor.WindowsStandalone.Extensions.dll
Registered in 0.002876 seconds.
Native extension for WindowsStandalone target not found
Refreshing native plugins compatible for Editor in 41.26 ms, found 2 plugins.
Preloading 0 native plugins for Editor in 0.00 ms.
Mono: successfully reloaded assembly
- Completed reload, in  0.698 seconds
Domain Reload Profiling:
	ReloadAssembly (698ms)
		BeginReloadAssembly (88ms)
			ExecutionOrderSort (0ms)
			DisableScriptedObjects (0ms)
			BackupInstance (0ms)
			ReleaseScriptingObjects (0ms)
			CreateAndSetChildDomain (1ms)
		EndReloadAssembly (521ms)
			LoadAssemblies (87ms)
			RebuildTransferFunctionScriptingTraits (0ms)
			SetupTypeCache (147ms)
			ReleaseScriptCaches (0ms)
			RebuildScriptCaches (25ms)
			SetupLoadedEditorAssemblies (169ms)
				LogAssemblyErrors (0ms)
				InitializePlatformSupportModulesInManaged (4ms)
				SetLoadedEditorAssemblies (0ms)
				RefreshPlugins (41ms)
				BeforeProcessingInitializeOnLoad (11ms)
				ProcessInitializeOnLoadAttributes (77ms)
				ProcessInitializeOnLoadMethodAttributes (36ms)
				AfterProcessingInitializeOnLoad (0ms)
				EditorAssembliesLoaded (0ms)
			ExecutionOrderSort2 (0ms)
			AwakeInstancesAfterBackupRestoration (0ms)
Platform modules already initialized, skipping
Registering precompiled user dll's ...
Registered in 0.138330 seconds.
Begin MonoManager ReloadAssembly
Native extension for WindowsStandalone target not found
Refreshing native plugins compatible for Editor in 0.33 ms, found 2 plugins.
Preloading 0 native plugins for Editor in 0.00 ms.
Mono: successfully reloaded assembly
- Completed reload, in  1.361 seconds
Domain Reload Profiling:
	ReloadAssembly (1362ms)
		BeginReloadAssembly (119ms)
			ExecutionOrderSort (0ms)
			DisableScriptedObjects (4ms)
			BackupInstance (0ms)
			ReleaseScriptingObjects (0ms)
			CreateAndSetChildDomain (17ms)
		EndReloadAssembly (1163ms)
			LoadAssemblies (494ms)
			RebuildTransferFunctionScriptingTraits (0ms)
			SetupTypeCache (288ms)
			ReleaseScriptCaches (0ms)
			RebuildScriptCaches (33ms)
			SetupLoadedEditorAssemblies (271ms)
				LogAssemblyErrors (0ms)
				InitializePlatformSupportModulesInManaged (3ms)
				SetLoadedEditorAssemblies (0ms)
				RefreshPlugins (0ms)
				BeforeProcessingInitializeOnLoad (41ms)
				ProcessInitializeOnLoadAttributes (201ms)
				ProcessInitializeOnLoadMethodAttributes (20ms)
				AfterProcessingInitializeOnLoad (3ms)
				EditorAssembliesLoaded (0ms)
			ExecutionOrderSort2 (0ms)
			AwakeInstancesAfterBackupRestoration (7ms)
Platform modules already initialized, skipping
========================================================================
Worker process is ready to serve import requests
Launched and connected shader compiler UnityShaderCompiler.exe after 0.05 seconds
Refreshing native plugins compatible for Editor in 0.35 ms, found 2 plugins.
Preloading 0 native plugins for Editor in 0.00 ms.
Unloading 1503 Unused Serialized files (Serialized files now loaded: 0)
System memory in use before: 79.6 MB.
System memory in use after: 79.7 MB.

Unloading 18 unused Assets to reduce memory usage. Loaded Objects now: 1951.
Total: 2.669200 ms (FindLiveObjects: 0.112600 ms CreateObjectMapping: 0.039300 ms MarkObjects: 2.498800 ms  DeleteObjects: 0.017700 ms)

AssetImportParameters requested are different than current active one (requested -> active):
  custom:framework-win-MediaFoundation: 216162199b28c13a410421893ffa2e32 -> 
  custom:video-decoder-ogg-theora: a1e56fd34408186e4bbccfd4996cb3dc -> 
  custom:container-muxer-webm: aa71ff27fc2769a1b78a27578f13a17b -> 
  custom:container-demuxer-webm: 4f35f7cbe854078d1ac9338744f61a02 -> 
  custom:container-demuxer-ogg: 62fdf1f143b41e24485cea50d1cbac27 -> 
  custom:video-encoder-webm-vp8: eb34c28f22e8b96e1ab97ce403110664 -> 
  custom:video-decoder-webm-vp8: 9c59270c3fd7afecdb556c50c9e8de78 -> 
  custom:audio-decoder-ogg-vorbis: bf7c407c2cedff20999df2af8eb42d56 -> 
  custom:audio-encoder-webm-vorbis: bf7c407c2cedff20999df2af8eb42d56 -> 
========================================================================
Received Import Request.
  path: Assets/material/New Material.mat
  artifactKey: Guid(e298f91527d72cb45b67a6ebf9d1ca84) Importer(815301076,1909f56bfc062723c751e8b465ee728b)
Start importing Assets/material/New Material.mat using Guid(e298f91527d72cb45b67a6ebf9d1ca84) Importer(815301076,1909f56bfc062723c751e8b465ee728b)  -> (artifact id: 'bf107e790675a9e91ec72c4f4bea9142') in 0.125996 seconds 
  Import took 0.139640 seconds .

========================================================================
Received Import Request.
  Time since last request: 744.259648 seconds.
  path: Assets
  artifactKey: Guid(00000000000000001000000000000000) Importer(815301076,1909f56bfc062723c751e8b465ee728b)
Start importing Assets using Guid(00000000000000001000000000000000) Importer(815301076,1909f56bfc062723c751e8b465ee728b)  -> (artifact id: '42d402b061de3733987d63b9cc3b64de') in 0.002219 seconds 
  Import took 0.228670 seconds .

========================================================================
Received Import Request.
  Time since last request: 9.309144 seconds.
  path: Assets/Prefab
  artifactKey: Guid(85547ab07a7996d41a0768f9fd967ebf) Importer(815301076,1909f56bfc062723c751e8b465ee728b)
Start importing Assets/Prefab using Guid(85547ab07a7996d41a0768f9fd967ebf) Importer(815301076,1909f56bfc062723c751e8b465ee728b)  -> (artifact id: '04180bcc3699f87ba3548b60881e47b1') in 0.001844 seconds 
  Import took 0.005766 seconds .

========================================================================
Received Import Request.
  Time since last request: 47.535612 seconds.
  path: Assets/Prefab/cube.prefab
  artifactKey: Guid(3e0bce5ffd153c24988a280f66cecca2) Importer(815301076,1909f56bfc062723c751e8b465ee728b)
Start importing Assets/Prefab/cube.prefab using Guid(3e0bce5ffd153c24988a280f66cecca2) Importer(815301076,1909f56bfc062723c751e8b465ee728b)  -> (artifact id: '2fa611b30f7d9c5cde51e20f417693c1') in 0.020494 seconds 
  Import took 0.023350 seconds .

========================================================================
Received Import Request.
  Time since last request: 967.177612 seconds.
  path: Assets/Prefab/cube.prefab
  artifactKey: Guid(3e0bce5ffd153c24988a280f66cecca2) Importer(815301076,1909f56bfc062723c751e8b465ee728b)
Start importing Assets/Prefab/cube.prefab using Guid(3e0bce5ffd153c24988a280f66cecca2) Importer(815301076,1909f56bfc062723c751e8b465ee728b)  -> (artifact id: 'c0f93efd2f5d74af3a2f2529b4ac3eb1') in 0.145206 seconds 
  Import took 0.147725 seconds .

========================================================================
Received Import Request.
  Time since last request: 1.855378 seconds.
  path: Assets/Prefab/cube.prefab
  artifactKey: Guid(3e0bce5ffd153c24988a280f66cecca2) Importer(815301076,1909f56bfc062723c751e8b465ee728b)
Start importing Assets/Prefab/cube.prefab using Guid(3e0bce5ffd153c24988a280f66cecca2) Importer(815301076,1909f56bfc062723c751e8b465ee728b)  -> (artifact id: 'dd70d1f01a031856b53f04e0d0ee3edf') in 0.014441 seconds 
  Import took 0.017358 seconds .

========================================================================
Received Import Request.
  Time since last request: 1.758424 seconds.
  path: Assets/Prefab/cube.prefab
  artifactKey: Guid(3e0bce5ffd153c24988a280f66cecca2) Importer(815301076,1909f56bfc062723c751e8b465ee728b)
Start importing Assets/Prefab/cube.prefab using Guid(3e0bce5ffd153c24988a280f66cecca2) Importer(815301076,1909f56bfc062723c751e8b465ee728b)  -> (artifact id: '407d0acf08c31799e1941c9a9f23a23f') in 0.027797 seconds 
  Import took 0.030472 seconds .

========================================================================
Received Import Request.
  Time since last request: 0.512194 seconds.
  path: Assets/Prefab/cube.prefab
  artifactKey: Guid(3e0bce5ffd153c24988a280f66cecca2) Importer(815301076,1909f56bfc062723c751e8b465ee728b)
Start importing Assets/Prefab/cube.prefab using Guid(3e0bce5ffd153c24988a280f66cecca2) Importer(815301076,1909f56bfc062723c751e8b465ee728b)  -> (artifact id: '305bee0e79ac2737ad1b293a0abc60b8') in 0.009746 seconds 
  Import took 0.011799 seconds .

========================================================================
Received Import Request.
  Time since last request: 30.154589 seconds.
  path: Assets/material
  artifactKey: Guid(6a49e1fb1b1ccfe47aed2cd528e8d713) Importer(815301076,1909f56bfc062723c751e8b465ee728b)
Start importing Assets/material using Guid(6a49e1fb1b1ccfe47aed2cd528e8d713) Importer(815301076,1909f56bfc062723c751e8b465ee728b)  -> (artifact id: '78e7a250c4f636ac200ced8ceea215d5') in 0.001626 seconds 
  Import took 0.003545 seconds .

========================================================================
Received Import Request.
  Time since last request: 5.668969 seconds.
  path: Assets/material/New Material 1.mat
  artifactKey: Guid(3568f00c10e51ab48be822303544c8b2) Importer(815301076,1909f56bfc062723c751e8b465ee728b)
Start importing Assets/material/New Material 1.mat using Guid(3568f00c10e51ab48be822303544c8b2) Importer(815301076,1909f56bfc062723c751e8b465ee728b)  -> (artifact id: '7ee93426336b0bfa05da7119fd41487a') in 0.010171 seconds 
  Import took 0.022409 seconds .

========================================================================
Received Import Request.
  Time since last request: 22.617843 seconds.
  path: Assets/Prefab/cube.prefab
  artifactKey: Guid(3e0bce5ffd153c24988a280f66cecca2) Importer(815301076,1909f56bfc062723c751e8b465ee728b)
Start importing Assets/Prefab/cube.prefab using Guid(3e0bce5ffd153c24988a280f66cecca2) Importer(815301076,1909f56bfc062723c751e8b465ee728b)  -> (artifact id: '0cf776ccd4688b29f56fee60d98eafc3') in 0.009194 seconds 
  Import took 0.011313 seconds .

========================================================================
Received Import Request.
  Time since last request: 12.120067 seconds.
  path: Assets/Prefab/cube.prefab
  artifactKey: Guid(3e0bce5ffd153c24988a280f66cecca2) Importer(815301076,1909f56bfc062723c751e8b465ee728b)
Start importing Assets/Prefab/cube.prefab using Guid(3e0bce5ffd153c24988a280f66cecca2) Importer(815301076,1909f56bfc062723c751e8b465ee728b)  -> (artifact id: 'efc8b959a662506d7ae7321743427729') in 0.006009 seconds 
  Import took 0.008920 seconds .

========================================================================
Received Import Request.
  Time since last request: 1971.232127 seconds.
  path: Assets/Prefab/Cylinder.prefab
  artifactKey: Guid(b094b602f00284547b91032e70f6e737) Importer(815301076,1909f56bfc062723c751e8b465ee728b)
Start importing Assets/Prefab/Cylinder.prefab using Guid(b094b602f00284547b91032e70f6e737) Importer(815301076,1909f56bfc062723c751e8b465ee728b)  -> (artifact id: '28291b66b393a6225adec8a4082c2272') in 0.029601 seconds 
  Import took 0.032243 seconds .

========================================================================
Received Import Request.
  Time since last request: 426.094546 seconds.
  path: Assets/Prefab/Cube (2).prefab
  artifactKey: Guid(3dafbb9604b38f64598b59ad4d137213) Importer(815301076,1909f56bfc062723c751e8b465ee728b)
Start importing Assets/Prefab/Cube (2).prefab using Guid(3dafbb9604b38f64598b59ad4d137213) Importer(815301076,1909f56bfc062723c751e8b465ee728b)  -> (artifact id: 'd3ddc27b25529ca22073a6823154e43d') in 0.009899 seconds 
  Import took 0.013489 seconds .

========================================================================
Received Import Request.
  Time since last request: 571.498063 seconds.
  path: Assets/material/move.mat
  artifactKey: Guid(05446a80e778b0545bd99b51f4201b39) Importer(815301076,1909f56bfc062723c751e8b465ee728b)
Start importing Assets/material/move.mat using Guid(05446a80e778b0545bd99b51f4201b39) Importer(815301076,1909f56bfc062723c751e8b465ee728b)  -> (artifact id: 'cbae51c892b8f35cfa8a20633b989f45') in 0.007945 seconds 
  Import took 0.023236 seconds .

========================================================================
Received Import Request.
  Time since last request: 261.573599 seconds.
  path: Assets/script
  artifactKey: Guid(d9942b4fac2e0bd46aa4135a45cfa095) Importer(815301076,1909f56bfc062723c751e8b465ee728b)
Start importing Assets/script using Guid(d9942b4fac2e0bd46aa4135a45cfa095) Importer(815301076,1909f56bfc062723c751e8b465ee728b)  -> (artifact id: '4b1632ae5336e56f20ab1edadc0cd096') in 0.002111 seconds 
  Import took 0.004546 seconds .

========================================================================
Received Import Request.
  Time since last request: 19.142933 seconds.
  path: Assets/script/move.cs
  artifactKey: Guid(cebd1069074eba7408d3764ff9dd0eef) Importer(815301076,1909f56bfc062723c751e8b465ee728b)
Start importing Assets/script/move.cs using Guid(cebd1069074eba7408d3764ff9dd0eef) Importer(815301076,1909f56bfc062723c751e8b465ee728b)  -> (artifact id: 'e83406fec470e13ec1d7cd187679f897') in 0.013539 seconds 
  Import took 0.015548 seconds .

========================================================================
Received Prepare
Registering precompiled user dll's ...
Registered in 0.002640 seconds.
Begin MonoManager ReloadAssembly
Native extension for WindowsStandalone target not found
Refreshing native plugins compatible for Editor in 0.28 ms, found 2 plugins.
Preloading 0 native plugins for Editor in 0.00 ms.
Mono: successfully reloaded assembly
- Completed reload, in  0.755 seconds
Domain Reload Profiling:
	ReloadAssembly (755ms)
		BeginReloadAssembly (94ms)
			ExecutionOrderSort (0ms)
			DisableScriptedObjects (3ms)
			BackupInstance (0ms)
			ReleaseScriptingObjects (0ms)
			CreateAndSetChildDomain (30ms)
		EndReloadAssembly (612ms)
			LoadAssemblies (72ms)
			RebuildTransferFunctionScriptingTraits (0ms)
			SetupTypeCache (230ms)
			ReleaseScriptCaches (1ms)
			RebuildScriptCaches (30ms)
			SetupLoadedEditorAssemblies (208ms)
				LogAssemblyErrors (0ms)
				InitializePlatformSupportModulesInManaged (3ms)
				SetLoadedEditorAssemblies (0ms)
				RefreshPlugins (0ms)
				BeforeProcessingInitializeOnLoad (36ms)
				ProcessInitializeOnLoadAttributes (159ms)
				ProcessInitializeOnLoadMethodAttributes (7ms)
				AfterProcessingInitializeOnLoad (2ms)
				EditorAssembliesLoaded (0ms)
			ExecutionOrderSort2 (0ms)
			AwakeInstancesAfterBackupRestoration (5ms)
Platform modules already initialized, skipping
Refreshing native plugins compatible for Editor in 0.30 ms, found 2 plugins.
Preloading 0 native plugins for Editor in 0.00 ms.
Unloading 1498 Unused Serialized files (Serialized files now loaded: 0)
System memory in use before: 90.4 MB.
System memory in use after: 90.5 MB.

Unloading 19 unused Assets to reduce memory usage. Loaded Objects now: 2001.
Total: 2.459000 ms (FindLiveObjects: 0.114600 ms CreateObjectMapping: 0.038100 ms MarkObjects: 2.266000 ms  DeleteObjects: 0.039200 ms)

AssetImportParameters requested are different than current active one (requested -> active):
  custom:framework-win-MediaFoundation: 216162199b28c13a410421893ffa2e32 -> 
  custom:video-decoder-ogg-theora: a1e56fd34408186e4bbccfd4996cb3dc -> 
  custom:container-muxer-webm: aa71ff27fc2769a1b78a27578f13a17b -> 
  custom:container-demuxer-webm: 4f35f7cbe854078d1ac9338744f61a02 -> 
  custom:container-demuxer-ogg: 62fdf1f143b41e24485cea50d1cbac27 -> 
  custom:video-encoder-webm-vp8: eb34c28f22e8b96e1ab97ce403110664 -> 
  custom:video-decoder-webm-vp8: 9c59270c3fd7afecdb556c50c9e8de78 -> 
  custom:audio-decoder-ogg-vorbis: bf7c407c2cedff20999df2af8eb42d56 -> 
  custom:audio-encoder-webm-vorbis: bf7c407c2cedff20999df2af8eb42d56 -> 
========================================================================
Received Import Request.
  Time since last request: 14.007929 seconds.
  path: Assets/script/GameManager.cs
  artifactKey: Guid(0e59647d4ef03644188b0a34dc9d2a3f) Importer(815301076,1909f56bfc062723c751e8b465ee728b)
Start importing Assets/script/GameManager.cs using Guid(0e59647d4ef03644188b0a34dc9d2a3f) Importer(815301076,1909f56bfc062723c751e8b465ee728b)  -> (artifact id: '3f0fcde8ae7934bd0537e3b973017bc4') in 0.004307 seconds 
  Import took 0.006388 seconds .

========================================================================
Received Prepare
Registering precompiled user dll's ...
Registered in 0.002429 seconds.
Begin MonoManager ReloadAssembly
Native extension for WindowsStandalone target not found
Refreshing native plugins compatible for Editor in 0.29 ms, found 2 plugins.
Preloading 0 native plugins for Editor in 0.00 ms.
Mono: successfully reloaded assembly
- Completed reload, in  0.736 seconds
Domain Reload Profiling:
	ReloadAssembly (736ms)
		BeginReloadAssembly (86ms)
			ExecutionOrderSort (0ms)
			DisableScriptedObjects (4ms)
			BackupInstance (0ms)
			ReleaseScriptingObjects (0ms)
			CreateAndSetChildDomain (25ms)
		EndReloadAssembly (605ms)
			LoadAssemblies (65ms)
			RebuildTransferFunctionScriptingTraits (0ms)
			SetupTypeCache (225ms)
			ReleaseScriptCaches (1ms)
			RebuildScriptCaches (30ms)
			SetupLoadedEditorAssemblies (209ms)
				LogAssemblyErrors (0ms)
				InitializePlatformSupportModulesInManaged (3ms)
				SetLoadedEditorAssemblies (0ms)
				RefreshPlugins (0ms)
				BeforeProcessingInitializeOnLoad (38ms)
				ProcessInitializeOnLoadAttributes (158ms)
				ProcessInitializeOnLoadMethodAttributes (7ms)
				AfterProcessingInitializeOnLoad (2ms)
				EditorAssembliesLoaded (0ms)
			ExecutionOrderSort2 (0ms)
			AwakeInstancesAfterBackupRestoration (6ms)
Platform modules already initialized, skipping
Refreshing native plugins compatible for Editor in 0.31 ms, found 2 plugins.
Preloading 0 native plugins for Editor in 0.00 ms.
Unloading 1499 Unused Serialized files (Serialized files now loaded: 0)
System memory in use before: 90.4 MB.
System memory in use after: 90.5 MB.

Unloading 14 unused Assets to reduce memory usage. Loaded Objects now: 2004.
Total: 2.232100 ms (FindLiveObjects: 0.121300 ms CreateObjectMapping: 0.041800 ms MarkObjects: 2.055100 ms  DeleteObjects: 0.013200 ms)

AssetImportParameters requested are different than current active one (requested -> active):
  custom:framework-win-MediaFoundation: 216162199b28c13a410421893ffa2e32 -> 
  custom:video-decoder-ogg-theora: a1e56fd34408186e4bbccfd4996cb3dc -> 
  custom:container-muxer-webm: aa71ff27fc2769a1b78a27578f13a17b -> 
  custom:container-demuxer-webm: 4f35f7cbe854078d1ac9338744f61a02 -> 
  custom:container-demuxer-ogg: 62fdf1f143b41e24485cea50d1cbac27 -> 
  custom:video-encoder-webm-vp8: eb34c28f22e8b96e1ab97ce403110664 -> 
  custom:video-decoder-webm-vp8: 9c59270c3fd7afecdb556c50c9e8de78 -> 
  custom:audio-decoder-ogg-vorbis: bf7c407c2cedff20999df2af8eb42d56 -> 
  custom:audio-encoder-webm-vorbis: bf7c407c2cedff20999df2af8eb42d56 -> 
========================================================================
Received Import Request.
  Time since last request: 30.776968 seconds.
  path: Assets/script/bridge.cs
  artifactKey: Guid(3cb282c502306f84f9a433103f98f429) Importer(815301076,1909f56bfc062723c751e8b465ee728b)
Start importing Assets/script/bridge.cs using Guid(3cb282c502306f84f9a433103f98f429) Importer(815301076,1909f56bfc062723c751e8b465ee728b)  -> (artifact id: '9434243666766409eae553b55b32fab9') in 0.003787 seconds 
  Import took 0.005881 seconds .

========================================================================
Received Prepare
Registering precompiled user dll's ...
Registered in 0.002517 seconds.
Begin MonoManager ReloadAssembly
Native extension for WindowsStandalone target not found
Refreshing native plugins compatible for Editor in 0.28 ms, found 2 plugins.
Preloading 0 native plugins for Editor in 0.00 ms.
Mono: successfully reloaded assembly
- Completed reload, in  0.743 seconds
Domain Reload Profiling:
	ReloadAssembly (743ms)
		BeginReloadAssembly (88ms)
			ExecutionOrderSort (0ms)
			DisableScriptedObjects (4ms)
			BackupInstance (0ms)
			ReleaseScriptingObjects (0ms)
			CreateAndSetChildDomain (25ms)
		EndReloadAssembly (606ms)
			LoadAssemblies (66ms)
			RebuildTransferFunctionScriptingTraits (0ms)
			SetupTypeCache (223ms)
			ReleaseScriptCaches (1ms)
			RebuildScriptCaches (31ms)
			SetupLoadedEditorAssemblies (210ms)
				LogAssemblyErrors (0ms)
				InitializePlatformSupportModulesInManaged (3ms)
				SetLoadedEditorAssemblies (0ms)
				RefreshPlugins (0ms)
				BeforeProcessingInitializeOnLoad (38ms)
				ProcessInitializeOnLoadAttributes (158ms)
				ProcessInitializeOnLoadMethodAttributes (7ms)
				AfterProcessingInitializeOnLoad (2ms)
				EditorAssembliesLoaded (0ms)
			ExecutionOrderSort2 (0ms)
			AwakeInstancesAfterBackupRestoration (5ms)
Platform modules already initialized, skipping
Refreshing native plugins compatible for Editor in 0.30 ms, found 2 plugins.
Preloading 0 native plugins for Editor in 0.00 ms.
Unloading 1500 Unused Serialized files (Serialized files now loaded: 0)
System memory in use before: 90.5 MB.
System memory in use after: 90.6 MB.

Unloading 14 unused Assets to reduce memory usage. Loaded Objects now: 2007.
Total: 2.406300 ms (FindLiveObjects: 0.138400 ms CreateObjectMapping: 0.062400 ms MarkObjects: 2.189200 ms  DeleteObjects: 0.015300 ms)

AssetImportParameters requested are different than current active one (requested -> active):
  custom:framework-win-MediaFoundation: 216162199b28c13a410421893ffa2e32 -> 
  custom:video-decoder-ogg-theora: a1e56fd34408186e4bbccfd4996cb3dc -> 
  custom:container-muxer-webm: aa71ff27fc2769a1b78a27578f13a17b -> 
  custom:container-demuxer-webm: 4f35f7cbe854078d1ac9338744f61a02 -> 
  custom:container-demuxer-ogg: 62fdf1f143b41e24485cea50d1cbac27 -> 
  custom:video-encoder-webm-vp8: eb34c28f22e8b96e1ab97ce403110664 -> 
  custom:video-decoder-webm-vp8: 9c59270c3fd7afecdb556c50c9e8de78 -> 
  custom:audio-decoder-ogg-vorbis: bf7c407c2cedff20999df2af8eb42d56 -> 
  custom:audio-encoder-webm-vorbis: bf7c407c2cedff20999df2af8eb42d56 -> 
AssetImportWorkerClient::OnTransportError - code=2 error=End of file
